# JRE version: Java(TM) SE Runtime Environment (8.0_131-b11) (build 1.8.0_131-b11)
# Java VM: Java HotSpot(TM) 64-Bit Server VM (25.131-b11 mixed mode windows-amd64 compressed oops)
Heap:
 PSYoungGen      total 72704K, used 12606K [0x000000076ef80000, 0x0000000774a80000, 0x00000007c0000000)
  eden space 62464K, 19% used [0x000000076ef80000,0x000000076fbafa58,0x0000000772c80000)
  from space 10240K, 1% used [0x0000000773680000,0x00000007736a0000,0x0000000774080000)
  to   space 10240K, 0% used [0x0000000772c80000,0x0000000772c80000,0x0000000773680000)
 ParOldGen       total 121856K, used 10354K [0x00000006cce00000, 0x00000006d4500000, 0x000000076ef80000)
  object space 121856K, 8% used [0x00000006cce00000,0x00000006cd81ca10,0x00000006d4500000)
 Metaspace       used 20705K, capacity 21552K, committed 21888K, reserved 1069056K
  class space    used 2888K, capacity 3075K, committed 3200K, reserved 1048576K
GC Heap History (6 events):
Event: 3.038 GC heap before
{Heap before GC invocations=1 (full 0):
 PSYoungGen      total 72704K, used 61412K [0x000000076ef80000, 0x0000000774080000, 0x00000007c0000000)
  eden space 62464K, 98% used [0x000000076ef80000,0x0000000772b79120,0x0000000772c80000)
  from space 10240K, 0% used [0x0000000773680000,0x0000000773680000,0x0000000774080000)
  to   space 10240K, 0% used [0x0000000772c80000,0x0000000772c80000,0x0000000773680000)
 ParOldGen       total 166912K, used 0K [0x00000006cce00000, 0x00000006d7100000, 0x000000076ef80000)
  object space 166912K, 0% used [0x00000006cce00000,0x00000006cce00000,0x00000006d7100000)
 Metaspace       used 20316K, capacity 21156K, committed 21296K, reserved 1067008K
  class space    used 2887K, capacity 3075K, committed 3200K, reserved 1048576K
Event: 3.052 GC heap after
Heap after GC invocations=1 (full 0):
 PSYoungGen      total 72704K, used 10232K [0x000000076ef80000, 0x0000000774080000, 0x00000007c0000000)
  eden space 62464K, 0% used [0x000000076ef80000,0x000000076ef80000,0x0000000772c80000)
  from space 10240K, 99% used [0x0000000772c80000,0x000000077367e300,0x0000000773680000)
  to   space 10240K, 0% used [0x0000000773680000,0x0000000773680000,0x0000000774080000)
 ParOldGen       total 166912K, used 2374K [0x00000006cce00000, 0x00000006d7100000, 0x000000076ef80000)
  object space 166912K, 1% used [0x00000006cce00000,0x00000006cd051828,0x00000006d7100000)
 Metaspace       used 20316K, capacity 21156K, committed 21296K, reserved 1067008K
  class space    used 2887K, capacity 3075K, committed 3200K, reserved 1048576K
}
Event: 3.052 GC heap before
{Heap before GC invocations=2 (full 1):
 PSYoungGen      total 72704K, used 10232K [0x000000076ef80000, 0x0000000774080000, 0x00000007c0000000)
  eden space 62464K, 0% used [0x000000076ef80000,0x000000076ef80000,0x0000000772c80000)
  from space 10240K, 99% used [0x0000000772c80000,0x000000077367e300,0x0000000773680000)
  to   space 10240K, 0% used [0x0000000773680000,0x0000000773680000,0x0000000774080000)
 ParOldGen       total 166912K, used 2374K [0x00000006cce00000, 0x00000006d7100000, 0x000000076ef80000)
  object space 166912K, 1% used [0x00000006cce00000,0x00000006cd051828,0x00000006d7100000)
 Metaspace       used 20316K, capacity 21156K, committed 21296K, reserved 1067008K
  class space    used 2887K, capacity 3075K, committed 3200K, reserved 1048576K
Event: 3.092 GC heap after
Heap after GC invocations=2 (full 1):
 PSYoungGen      total 72704K, used 0K [0x000000076ef80000, 0x0000000774080000, 0x00000007c0000000)
  eden space 62464K, 0% used [0x000000076ef80000,0x000000076ef80000,0x0000000772c80000)
  from space 10240K, 0% used [0x0000000772c80000,0x0000000772c80000,0x0000000773680000)
  to   space 10240K, 0% used [0x0000000773680000,0x0000000773680000,0x0000000774080000)
 ParOldGen       total 121856K, used 10346K [0x00000006cce00000, 0x00000006d4500000, 0x000000076ef80000)
  object space 121856K, 8% used [0x00000006cce00000,0x00000006cd81aa10,0x00000006d4500000)
 Metaspace       used 20316K, capacity 21156K, committed 21296K, reserved 1067008K
  class space    used 2887K, capacity 3075K, committed 3200K, reserved 1048576K
}
Event: 8.503 GC heap before
{Heap before GC invocations=3 (full 1):
 PSYoungGen      total 72704K, used 62464K [0x000000076ef80000, 0x0000000774080000, 0x00000007c0000000)
  eden space 62464K, 100% used [0x000000076ef80000,0x0000000772c80000,0x0000000772c80000)
  from space 10240K, 0% used [0x0000000772c80000,0x0000000772c80000,0x0000000773680000)
  to   space 10240K, 0% used [0x0000000773680000,0x0000000773680000,0x0000000774080000)
 ParOldGen       total 121856K, used 10346K [0x00000006cce00000, 0x00000006d4500000, 0x000000076ef80000)
  object space 121856K, 8% used [0x00000006cce00000,0x00000006cd81aa10,0x00000006d4500000)
 Metaspace       used 20664K, capacity 21488K, committed 21632K, reserved 1067008K
  class space    used 2888K, capacity 3075K, committed 3200K, reserved 1048576K
Event: 8.504 GC heap after
Heap after GC invocations=3 (full 1):
 PSYoungGen      total 72704K, used 128K [0x000000076ef80000, 0x0000000774a80000, 0x00000007c0000000)
  eden space 62464K, 0% used [0x000000076ef80000,0x000000076ef80000,0x0000000772c80000)
  from space 10240K, 1% used [0x0000000773680000,0x00000007736a0000,0x0000000774080000)
  to   space 10240K, 0% used [0x0000000772c80000,0x0000000772c80000,0x0000000773680000)
 ParOldGen       total 121856K, used 10354K [0x00000006cce00000, 0x00000006d4500000, 0x000000076ef80000)
  object space 121856K, 8% used [0x00000006cce00000,0x00000006cd81ca10,0x00000006d4500000)
 Metaspace       used 20664K, capacity 21488K, committed 21632K, reserved 1067008K
  class space    used 2888K, capacity 3075K, committed 3200K, reserved 1048576K
}

