# JRE version: Java(TM) SE Runtime Environment (8.0_131-b11) (build 1.8.0_131-b11)
# Java VM: Java HotSpot(TM) 64-Bit Server VM (25.131-b11 mixed mode windows-amd64 compressed oops)
Heap:
 PSYoungGen      total 72704K, used 11796K [0x000000076ef80000, 0x0000000777d80000, 0x00000007c0000000)
  eden space 62464K, 18% used [0x000000076ef80000,0x000000076fb05250,0x0000000772c80000)
  from space 10240K, 0% used [0x0000000773680000,0x0000000773680000,0x0000000774080000)
  to   space 10240K, 0% used [0x0000000772c80000,0x0000000772c80000,0x0000000773680000)
 ParOldGen       total 87552K, used 8631K [0x00000006cce00000, 0x00000006d2380000, 0x000000076ef80000)
  object space 87552K, 9% used [0x00000006cce00000,0x00000006cd66ded0,0x00000006d2380000)
 Metaspace       used 20461K, capacity 21320K, committed 21504K, reserved 1067008K
  class space    used 2882K, capacity 3065K, committed 3072K, reserved 1048576K
GC Heap History (6 events):
Event: 3.264 GC heap before
{Heap before GC invocations=1 (full 0):
 PSYoungGen      total 72704K, used 62464K [0x000000076ef80000, 0x0000000774080000, 0x00000007c0000000)
  eden space 62464K, 100% used [0x000000076ef80000,0x0000000772c80000,0x0000000772c80000)
  from space 10240K, 0% used [0x0000000773680000,0x0000000773680000,0x0000000774080000)
  to   space 10240K, 0% used [0x0000000772c80000,0x0000000772c80000,0x0000000773680000)
 ParOldGen       total 166912K, used 0K [0x00000006cce00000, 0x00000006d7100000, 0x000000076ef80000)
  object space 166912K, 0% used [0x00000006cce00000,0x00000006cce00000,0x00000006d7100000)
 Metaspace       used 20299K, capacity 21192K, committed 21248K, reserved 1067008K
  class space    used 2881K, capacity 3065K, committed 3072K, reserved 1048576K
Event: 3.279 GC heap after
Heap after GC invocations=1 (full 0):
 PSYoungGen      total 72704K, used 10216K [0x000000076ef80000, 0x0000000774080000, 0x00000007c0000000)
  eden space 62464K, 0% used [0x000000076ef80000,0x000000076ef80000,0x0000000772c80000)
  from space 10240K, 99% used [0x0000000772c80000,0x000000077367a330,0x0000000773680000)
  to   space 10240K, 0% used [0x0000000773680000,0x0000000773680000,0x0000000774080000)
 ParOldGen       total 166912K, used 2374K [0x00000006cce00000, 0x00000006d7100000, 0x000000076ef80000)
  object space 166912K, 1% used [0x00000006cce00000,0x00000006cd051828,0x00000006d7100000)
 Metaspace       used 20299K, capacity 21192K, committed 21248K, reserved 1067008K
  class space    used 2881K, capacity 3065K, committed 3072K, reserved 1048576K
}
Event: 3.375 GC heap before
{Heap before GC invocations=2 (full 0):
 PSYoungGen      total 72704K, used 17942K [0x000000076ef80000, 0x0000000774080000, 0x00000007c0000000)
  eden space 62464K, 12% used [0x000000076ef80000,0x000000076f70b818,0x0000000772c80000)
  from space 10240K, 99% used [0x0000000772c80000,0x000000077367a330,0x0000000773680000)
  to   space 10240K, 0% used [0x0000000773680000,0x0000000773680000,0x0000000774080000)
 ParOldGen       total 166912K, used 2374K [0x00000006cce00000, 0x00000006d7100000, 0x000000076ef80000)
  object space 166912K, 1% used [0x00000006cce00000,0x00000006cd051828,0x00000006d7100000)
 Metaspace       used 20376K, capacity 21192K, committed 21248K, reserved 1067008K
  class space    used 2882K, capacity 3065K, committed 3072K, reserved 1048576K
Event: 3.383 GC heap after
Heap after GC invocations=2 (full 0):
 PSYoungGen      total 72704K, used 6624K [0x000000076ef80000, 0x0000000777d80000, 0x00000007c0000000)
  eden space 62464K, 0% used [0x000000076ef80000,0x000000076ef80000,0x0000000772c80000)
  from space 10240K, 64% used [0x0000000773680000,0x0000000773cf8050,0x0000000774080000)
  to   space 10240K, 0% used [0x0000000772c80000,0x0000000772c80000,0x0000000773680000)
 ParOldGen       total 166912K, used 2382K [0x00000006cce00000, 0x00000006d7100000, 0x000000076ef80000)
  object space 166912K, 1% used [0x00000006cce00000,0x00000006cd053828,0x00000006d7100000)
 Metaspace       used 20376K, capacity 21192K, committed 21248K, reserved 1067008K
  class space    used 2882K, capacity 3065K, committed 3072K, reserved 1048576K
}
Event: 3.383 GC heap before
{Heap before GC invocations=3 (full 1):
 PSYoungGen      total 72704K, used 6624K [0x000000076ef80000, 0x0000000777d80000, 0x00000007c0000000)
  eden space 62464K, 0% used [0x000000076ef80000,0x000000076ef80000,0x0000000772c80000)
  from space 10240K, 64% used [0x0000000773680000,0x0000000773cf8050,0x0000000774080000)
  to   space 10240K, 0% used [0x0000000772c80000,0x0000000772c80000,0x0000000773680000)
 ParOldGen       total 166912K, used 2382K [0x00000006cce00000, 0x00000006d7100000, 0x000000076ef80000)
  object space 166912K, 1% used [0x00000006cce00000,0x00000006cd053828,0x00000006d7100000)
 Metaspace       used 20376K, capacity 21192K, committed 21248K, reserved 1067008K
  class space    used 2882K, capacity 3065K, committed 3072K, reserved 1048576K
Event: 3.421 GC heap after
Heap after GC invocations=3 (full 1):
 PSYoungGen      total 72704K, used 0K [0x000000076ef80000, 0x0000000777d80000, 0x00000007c0000000)
  eden space 62464K, 0% used [0x000000076ef80000,0x000000076ef80000,0x0000000772c80000)
  from space 10240K, 0% used [0x0000000773680000,0x0000000773680000,0x0000000774080000)
  to   space 10240K, 0% used [0x0000000772c80000,0x0000000772c80000,0x0000000773680000)
 ParOldGen       total 87552K, used 8631K [0x00000006cce00000, 0x00000006d2380000, 0x000000076ef80000)
  object space 87552K, 9% used [0x00000006cce00000,0x00000006cd66ded0,0x00000006d2380000)
 Metaspace       used 20376K, capacity 21192K, committed 21248K, reserved 1067008K
  class space    used 2882K, capacity 3065K, committed 3072K, reserved 1048576K
}

