# JRE version: Java(TM) SE Runtime Environment (8.0_131-b11) (build 1.8.0_131-b11)
# Java VM: Java HotSpot(TM) 64-Bit Server VM (25.131-b11 mixed mode windows-amd64 compressed oops)
Heap:
 PSYoungGen      total 72704K, used 16379K [0x000000076ef80000, 0x0000000777d80000, 0x00000007c0000000)
  eden space 62464K, 26% used [0x000000076ef80000,0x000000076ff7ee40,0x0000000772c80000)
  from space 10240K, 0% used [0x0000000773680000,0x0000000773680000,0x0000000774080000)
  to   space 10240K, 0% used [0x0000000772c80000,0x0000000772c80000,0x0000000773680000)
 ParOldGen       total 76288K, used 8744K [0x00000006cce00000, 0x00000006d1880000, 0x000000076ef80000)
  object space 76288K, 11% used [0x00000006cce00000,0x00000006cd68a248,0x00000006d1880000)
 Metaspace       used 21121K, capacity 22070K, committed 22144K, reserved 1069056K
  class space    used 2908K, capacity 3130K, committed 3200K, reserved 1048576K
GC Heap History (6 events):
Event: 10.451 GC heap before
{Heap before GC invocations=1 (full 0):
 PSYoungGen      total 72704K, used 62464K [0x000000076ef80000, 0x0000000774080000, 0x00000007c0000000)
  eden space 62464K, 100% used [0x000000076ef80000,0x0000000772c80000,0x0000000772c80000)
  from space 10240K, 0% used [0x0000000773680000,0x0000000773680000,0x0000000774080000)
  to   space 10240K, 0% used [0x0000000772c80000,0x0000000772c80000,0x0000000773680000)
 ParOldGen       total 166912K, used 0K [0x00000006cce00000, 0x00000006d7100000, 0x000000076ef80000)
  object space 166912K, 0% used [0x00000006cce00000,0x00000006cce00000,0x00000006d7100000)
 Metaspace       used 20439K, capacity 21202K, committed 21248K, reserved 1067008K
  class space    used 2884K, capacity 3068K, committed 3072K, reserved 1048576K
Event: 10.464 GC heap after
Heap after GC invocations=1 (full 0):
 PSYoungGen      total 72704K, used 10224K [0x000000076ef80000, 0x0000000774080000, 0x00000007c0000000)
  eden space 62464K, 0% used [0x000000076ef80000,0x000000076ef80000,0x0000000772c80000)
  from space 10240K, 99% used [0x0000000772c80000,0x000000077367c080,0x0000000773680000)
  to   space 10240K, 0% used [0x0000000773680000,0x0000000773680000,0x0000000774080000)
 ParOldGen       total 166912K, used 2419K [0x00000006cce00000, 0x00000006d7100000, 0x000000076ef80000)
  object space 166912K, 1% used [0x00000006cce00000,0x00000006cd05cdb8,0x00000006d7100000)
 Metaspace       used 20439K, capacity 21202K, committed 21248K, reserved 1067008K
  class space    used 2884K, capacity 3068K, committed 3072K, reserved 1048576K
}
Event: 10.492 GC heap before
{Heap before GC invocations=2 (full 0):
 PSYoungGen      total 72704K, used 16195K [0x000000076ef80000, 0x0000000774080000, 0x00000007c0000000)
  eden space 62464K, 9% used [0x000000076ef80000,0x000000076f554e08,0x0000000772c80000)
  from space 10240K, 99% used [0x0000000772c80000,0x000000077367c080,0x0000000773680000)
  to   space 10240K, 0% used [0x0000000773680000,0x0000000773680000,0x0000000774080000)
 ParOldGen       total 166912K, used 2419K [0x00000006cce00000, 0x00000006d7100000, 0x000000076ef80000)
  object space 166912K, 1% used [0x00000006cce00000,0x00000006cd05cdb8,0x00000006d7100000)
 Metaspace       used 20466K, capacity 21202K, committed 21248K, reserved 1067008K
  class space    used 2885K, capacity 3068K, committed 3072K, reserved 1048576K
Event: 10.501 GC heap after
Heap after GC invocations=2 (full 0):
 PSYoungGen      total 72704K, used 8144K [0x000000076ef80000, 0x0000000777d80000, 0x00000007c0000000)
  eden space 62464K, 0% used [0x000000076ef80000,0x000000076ef80000,0x0000000772c80000)
  from space 10240K, 79% used [0x0000000773680000,0x0000000773e74070,0x0000000774080000)
  to   space 10240K, 0% used [0x0000000772c80000,0x0000000772c80000,0x0000000773680000)
 ParOldGen       total 166912K, used 2427K [0x00000006cce00000, 0x00000006d7100000, 0x000000076ef80000)
  object space 166912K, 1% used [0x00000006cce00000,0x00000006cd05edb8,0x00000006d7100000)
 Metaspace       used 20466K, capacity 21202K, committed 21248K, reserved 1067008K
  class space    used 2885K, capacity 3068K, committed 3072K, reserved 1048576K
}
Event: 10.501 GC heap before
{Heap before GC invocations=3 (full 1):
 PSYoungGen      total 72704K, used 8144K [0x000000076ef80000, 0x0000000777d80000, 0x00000007c0000000)
  eden space 62464K, 0% used [0x000000076ef80000,0x000000076ef80000,0x0000000772c80000)
  from space 10240K, 79% used [0x0000000773680000,0x0000000773e74070,0x0000000774080000)
  to   space 10240K, 0% used [0x0000000772c80000,0x0000000772c80000,0x0000000773680000)
 ParOldGen       total 166912K, used 2427K [0x00000006cce00000, 0x00000006d7100000, 0x000000076ef80000)
  object space 166912K, 1% used [0x00000006cce00000,0x00000006cd05edb8,0x00000006d7100000)
 Metaspace       used 20466K, capacity 21202K, committed 21248K, reserved 1067008K
  class space    used 2885K, capacity 3068K, committed 3072K, reserved 1048576K
Event: 10.538 GC heap after
Heap after GC invocations=3 (full 1):
 PSYoungGen      total 72704K, used 0K [0x000000076ef80000, 0x0000000777d80000, 0x00000007c0000000)
  eden space 62464K, 0% used [0x000000076ef80000,0x000000076ef80000,0x0000000772c80000)
  from space 10240K, 0% used [0x0000000773680000,0x0000000773680000,0x0000000774080000)
  to   space 10240K, 0% used [0x0000000772c80000,0x0000000772c80000,0x0000000773680000)
 ParOldGen       total 76288K, used 8744K [0x00000006cce00000, 0x00000006d1880000, 0x000000076ef80000)
  object space 76288K, 11% used [0x00000006cce00000,0x00000006cd68a248,0x00000006d1880000)
 Metaspace       used 20466K, capacity 21202K, committed 21248K, reserved 1067008K
  class space    used 2885K, capacity 3068K, committed 3072K, reserved 1048576K
}

