# JRE version: Java(TM) SE Runtime Environment (8.0_131-b11) (build 1.8.0_131-b11)
# Java VM: Java HotSpot(TM) 64-Bit Server VM (25.131-b11 mixed mode windows-amd64 compressed oops)
Heap:
 PSYoungGen      total 72704K, used 24383K [0x000000076ef80000, 0x0000000774080000, 0x00000007c0000000)
  eden space 62464K, 39% used [0x000000076ef80000,0x000000077074fe48,0x0000000772c80000)
  from space 10240K, 0% used [0x0000000772c80000,0x0000000772c80000,0x0000000773680000)
  to   space 10240K, 0% used [0x0000000773680000,0x0000000773680000,0x0000000774080000)
 ParOldGen       total 75264K, used 10320K [0x00000006cce00000, 0x00000006d1780000, 0x000000076ef80000)
  object space 75264K, 13% used [0x00000006cce00000,0x00000006cd8142e0,0x00000006d1780000)
 Metaspace       used 20911K, capacity 21732K, committed 22016K, reserved 1069056K
  class space    used 2884K, capacity 3067K, committed 3072K, reserved 1048576K
GC Heap History (4 events):
Event: 10.231 GC heap before
{Heap before GC invocations=1 (full 0):
 PSYoungGen      total 72704K, used 61374K [0x000000076ef80000, 0x0000000774080000, 0x00000007c0000000)
  eden space 62464K, 98% used [0x000000076ef80000,0x0000000772b6f800,0x0000000772c80000)
  from space 10240K, 0% used [0x0000000773680000,0x0000000773680000,0x0000000774080000)
  to   space 10240K, 0% used [0x0000000772c80000,0x0000000772c80000,0x0000000773680000)
 ParOldGen       total 166912K, used 0K [0x00000006cce00000, 0x00000006d7100000, 0x000000076ef80000)
  object space 166912K, 0% used [0x00000006cce00000,0x00000006cce00000,0x00000006d7100000)
 Metaspace       used 20366K, capacity 21196K, committed 21248K, reserved 1067008K
  class space    used 2882K, capacity 3065K, committed 3072K, reserved 1048576K
Event: 10.244 GC heap after
Heap after GC invocations=1 (full 0):
 PSYoungGen      total 72704K, used 10232K [0x000000076ef80000, 0x0000000774080000, 0x00000007c0000000)
  eden space 62464K, 0% used [0x000000076ef80000,0x000000076ef80000,0x0000000772c80000)
  from space 10240K, 99% used [0x0000000772c80000,0x000000077367e300,0x0000000773680000)
  to   space 10240K, 0% used [0x0000000773680000,0x0000000773680000,0x0000000774080000)
 ParOldGen       total 166912K, used 2305K [0x00000006cce00000, 0x00000006d7100000, 0x000000076ef80000)
  object space 166912K, 1% used [0x00000006cce00000,0x00000006cd0405b0,0x00000006d7100000)
 Metaspace       used 20366K, capacity 21196K, committed 21248K, reserved 1067008K
  class space    used 2882K, capacity 3065K, committed 3072K, reserved 1048576K
}
Event: 10.244 GC heap before
{Heap before GC invocations=2 (full 1):
 PSYoungGen      total 72704K, used 10232K [0x000000076ef80000, 0x0000000774080000, 0x00000007c0000000)
  eden space 62464K, 0% used [0x000000076ef80000,0x000000076ef80000,0x0000000772c80000)
  from space 10240K, 99% used [0x0000000772c80000,0x000000077367e300,0x0000000773680000)
  to   space 10240K, 0% used [0x0000000773680000,0x0000000773680000,0x0000000774080000)
 ParOldGen       total 166912K, used 2305K [0x00000006cce00000, 0x00000006d7100000, 0x000000076ef80000)
  object space 166912K, 1% used [0x00000006cce00000,0x00000006cd0405b0,0x00000006d7100000)
 Metaspace       used 20366K, capacity 21196K, committed 21248K, reserved 1067008K
  class space    used 2882K, capacity 3065K, committed 3072K, reserved 1048576K
Event: 10.282 GC heap after
Heap after GC invocations=2 (full 1):
 PSYoungGen      total 72704K, used 0K [0x000000076ef80000, 0x0000000774080000, 0x00000007c0000000)
  eden space 62464K, 0% used [0x000000076ef80000,0x000000076ef80000,0x0000000772c80000)
  from space 10240K, 0% used [0x0000000772c80000,0x0000000772c80000,0x0000000773680000)
  to   space 10240K, 0% used [0x0000000773680000,0x0000000773680000,0x0000000774080000)
 ParOldGen       total 75264K, used 10320K [0x00000006cce00000, 0x00000006d1780000, 0x000000076ef80000)
  object space 75264K, 13% used [0x00000006cce00000,0x00000006cd8142e0,0x00000006d1780000)
 Metaspace       used 20366K, capacity 21196K, committed 21248K, reserved 1067008K
  class space    used 2882K, capacity 3065K, committed 3072K, reserved 1048576K
}

