# JRE version: Java(TM) SE Runtime Environment (8.0_121-b13) (build 1.8.0_121-b13)
# Java VM: Java HotSpot(TM) 64-Bit Server VM (25.121-b13 mixed mode windows-amd64 compressed oops)
Heap:
 PSYoungGen      total 103424K, used 42509K [0x000000076ef80000, 0x0000000778580000, 0x00000007c0000000)
  eden space 93184K, 38% used [0x000000076ef80000,0x000000077128b548,0x0000000774a80000)
  from space 10240K, 64% used [0x0000000774a80000,0x00000007750f8020,0x0000000775480000)
  to   space 10240K, 0% used [0x0000000777b80000,0x0000000777b80000,0x0000000778580000)
 ParOldGen       total 92672K, used 7539K [0x00000006cce00000, 0x00000006d2880000, 0x000000076ef80000)
  object space 92672K, 8% used [0x00000006cce00000,0x00000006cd55cd80,0x00000006d2880000)
 Metaspace       used 23526K, capacity 24684K, committed 24832K, reserved 1071104K
  class space    used 3217K, capacity 3513K, committed 3584K, reserved 1048576K
GC Heap History (10 events):
Event: 1.930 GC heap before
{Heap before GC invocations=2 (full 0):
 PSYoungGen      total 72704K, used 21247K [0x000000076ef80000, 0x0000000774080000, 0x00000007c0000000)
  eden space 62464K, 18% used [0x000000076ef80000,0x000000076fad84c8,0x0000000772c80000)
  from space 10240K, 94% used [0x0000000772c80000,0x00000007735e7788,0x0000000773680000)
  to   space 10240K, 0% used [0x0000000773680000,0x0000000773680000,0x0000000774080000)
 ParOldGen       total 166912K, used 16K [0x00000006cce00000, 0x00000006d7100000, 0x000000076ef80000)
  object space 166912K, 0% used [0x00000006cce00000,0x00000006cce04000,0x00000006d7100000)
 Metaspace       used 20293K, capacity 21244K, committed 21296K, reserved 1067008K
  class space    used 2920K, capacity 3159K, committed 3200K, reserved 1048576K
Event: 1.940 GC heap after
Heap after GC invocations=2 (full 0):
 PSYoungGen      total 72704K, used 7618K [0x000000076ef80000, 0x0000000777d80000, 0x00000007c0000000)
  eden space 62464K, 0% used [0x000000076ef80000,0x000000076ef80000,0x0000000772c80000)
  from space 10240K, 74% used [0x0000000773680000,0x0000000773df0ad0,0x0000000774080000)
  to   space 10240K, 0% used [0x0000000772c80000,0x0000000772c80000,0x0000000773680000)
 ParOldGen       total 166912K, used 24K [0x00000006cce00000, 0x00000006d7100000, 0x000000076ef80000)
  object space 166912K, 0% used [0x00000006cce00000,0x00000006cce06000,0x00000006d7100000)
 Metaspace       used 20293K, capacity 21244K, committed 21296K, reserved 1067008K
  class space    used 2920K, capacity 3159K, committed 3200K, reserved 1048576K
}
Event: 1.940 GC heap before
{Heap before GC invocations=3 (full 1):
 PSYoungGen      total 72704K, used 7618K [0x000000076ef80000, 0x0000000777d80000, 0x00000007c0000000)
  eden space 62464K, 0% used [0x000000076ef80000,0x000000076ef80000,0x0000000772c80000)
  from space 10240K, 74% used [0x0000000773680000,0x0000000773df0ad0,0x0000000774080000)
  to   space 10240K, 0% used [0x0000000772c80000,0x0000000772c80000,0x0000000773680000)
 ParOldGen       total 166912K, used 24K [0x00000006cce00000, 0x00000006d7100000, 0x000000076ef80000)
  object space 166912K, 0% used [0x00000006cce00000,0x00000006cce06000,0x00000006d7100000)
 Metaspace       used 20293K, capacity 21244K, committed 21296K, reserved 1067008K
  class space    used 2920K, capacity 3159K, committed 3200K, reserved 1048576K
Event: 1.989 GC heap after
Heap after GC invocations=3 (full 1):
 PSYoungGen      total 72704K, used 0K [0x000000076ef80000, 0x0000000777d80000, 0x00000007c0000000)
  eden space 62464K, 0% used [0x000000076ef80000,0x000000076ef80000,0x0000000772c80000)
  from space 10240K, 0% used [0x0000000773680000,0x0000000773680000,0x0000000774080000)
  to   space 10240K, 0% used [0x0000000772c80000,0x0000000772c80000,0x0000000773680000)
 ParOldGen       total 92672K, used 7523K [0x00000006cce00000, 0x00000006d2880000, 0x000000076ef80000)
  object space 92672K, 8% used [0x00000006cce00000,0x00000006cd558d80,0x00000006d2880000)
 Metaspace       used 20293K, capacity 21244K, committed 21296K, reserved 1067008K
  class space    used 2920K, capacity 3159K, committed 3200K, reserved 1048576K
}
Event: 6.598 GC heap before
{Heap before GC invocations=4 (full 1):
 PSYoungGen      total 72704K, used 62464K [0x000000076ef80000, 0x0000000777d80000, 0x00000007c0000000)
  eden space 62464K, 100% used [0x000000076ef80000,0x0000000772c80000,0x0000000772c80000)
  from space 10240K, 0% used [0x0000000773680000,0x0000000773680000,0x0000000774080000)
  to   space 10240K, 0% used [0x0000000772c80000,0x0000000772c80000,0x0000000773680000)
 ParOldGen       total 92672K, used 7523K [0x00000006cce00000, 0x00000006d2880000, 0x000000076ef80000)
  object space 92672K, 8% used [0x00000006cce00000,0x00000006cd558d80,0x00000006d2880000)
 Metaspace       used 22522K, capacity 23664K, committed 23936K, reserved 1069056K
  class space    used 3135K, capacity 3401K, committed 3456K, reserved 1048576K
Event: 6.602 GC heap after
Heap after GC invocations=4 (full 1):
 PSYoungGen      total 72704K, used 5504K [0x000000076ef80000, 0x0000000776200000, 0x00000007c0000000)
  eden space 62464K, 0% used [0x000000076ef80000,0x000000076ef80000,0x0000000772c80000)
  from space 10240K, 53% used [0x0000000772c80000,0x00000007731e0020,0x0000000773680000)
  to   space 10240K, 0% used [0x0000000775800000,0x0000000775800000,0x0000000776200000)
 ParOldGen       total 92672K, used 7531K [0x00000006cce00000, 0x00000006d2880000, 0x000000076ef80000)
  object space 92672K, 8% used [0x00000006cce00000,0x00000006cd55ad80,0x00000006d2880000)
 Metaspace       used 22522K, capacity 23664K, committed 23936K, reserved 1069056K
  class space    used 3135K, capacity 3401K, committed 3456K, reserved 1048576K
}
Event: 9.271 GC heap before
{Heap before GC invocations=5 (full 1):
 PSYoungGen      total 72704K, used 67968K [0x000000076ef80000, 0x0000000776200000, 0x00000007c0000000)
  eden space 62464K, 100% used [0x000000076ef80000,0x0000000772c80000,0x0000000772c80000)
  from space 10240K, 53% used [0x0000000772c80000,0x00000007731e0020,0x0000000773680000)
  to   space 10240K, 0% used [0x0000000775800000,0x0000000775800000,0x0000000776200000)
 ParOldGen       total 92672K, used 7531K [0x00000006cce00000, 0x00000006d2880000, 0x000000076ef80000)
  object space 92672K, 8% used [0x00000006cce00000,0x00000006cd55ad80,0x00000006d2880000)
 Metaspace       used 23231K, capacity 24396K, committed 24576K, reserved 1071104K
  class space    used 3215K, capacity 3509K, committed 3584K, reserved 1048576K
Event: 9.281 GC heap after
Heap after GC invocations=5 (full 1):
 PSYoungGen      total 99840K, used 6416K [0x000000076ef80000, 0x0000000775e80000, 0x00000007c0000000)
  eden space 93184K, 0% used [0x000000076ef80000,0x000000076ef80000,0x0000000774a80000)
  from space 6656K, 96% used [0x0000000775800000,0x0000000775e44170,0x0000000775e80000)
  to   space 10240K, 0% used [0x0000000774a80000,0x0000000774a80000,0x0000000775480000)
 ParOldGen       total 92672K, used 7539K [0x00000006cce00000, 0x00000006d2880000, 0x000000076ef80000)
  object space 92672K, 8% used [0x00000006cce00000,0x00000006cd55cd80,0x00000006d2880000)
 Metaspace       used 23231K, capacity 24396K, committed 24576K, reserved 1071104K
  class space    used 3215K, capacity 3509K, committed 3584K, reserved 1048576K
}
Event: 11.904 GC heap before
{Heap before GC invocations=6 (full 1):
 PSYoungGen      total 99840K, used 99600K [0x000000076ef80000, 0x0000000775e80000, 0x00000007c0000000)
  eden space 93184K, 100% used [0x000000076ef80000,0x0000000774a80000,0x0000000774a80000)
  from space 6656K, 96% used [0x0000000775800000,0x0000000775e44170,0x0000000775e80000)
  to   space 10240K, 0% used [0x0000000774a80000,0x0000000774a80000,0x0000000775480000)
 ParOldGen       total 92672K, used 7539K [0x00000006cce00000, 0x00000006d2880000, 0x000000076ef80000)
  object space 92672K, 8% used [0x00000006cce00000,0x00000006cd55cd80,0x00000006d2880000)
 Metaspace       used 23444K, capacity 24662K, committed 24832K, reserved 1071104K
  class space    used 3216K, capacity 3510K, committed 3584K, reserved 1048576K
Event: 11.911 GC heap after
Heap after GC invocations=6 (full 1):
 PSYoungGen      total 103424K, used 6624K [0x000000076ef80000, 0x0000000778580000, 0x00000007c0000000)
  eden space 93184K, 0% used [0x000000076ef80000,0x000000076ef80000,0x0000000774a80000)
  from space 10240K, 64% used [0x0000000774a80000,0x00000007750f8020,0x0000000775480000)
  to   space 10240K, 0% used [0x0000000777b80000,0x0000000777b80000,0x0000000778580000)
 ParOldGen       total 92672K, used 7539K [0x00000006cce00000, 0x00000006d2880000, 0x000000076ef80000)
  object space 92672K, 8% used [0x00000006cce00000,0x00000006cd55cd80,0x00000006d2880000)
 Metaspace       used 23444K, capacity 24662K, committed 24832K, reserved 1071104K
  class space    used 3216K, capacity 3510K, committed 3584K, reserved 1048576K
}

