# JRE version: Java(TM) SE Runtime Environment (8.0_121-b13) (build 1.8.0_121-b13)
# Java VM: Java HotSpot(TM) 64-Bit Server VM (25.121-b13 mixed mode windows-amd64 compressed oops)
Heap:
 PSYoungGen      total 72704K, used 31977K [0x000000076ef80000, 0x0000000776500000, 0x00000007c0000000)
  eden space 62464K, 43% used [0x000000076ef80000,0x0000000770a224e0,0x0000000772c80000)
  from space 10240K, 45% used [0x0000000772c80000,0x0000000773118020,0x0000000773680000)
  to   space 10240K, 0% used [0x0000000775b00000,0x0000000775b00000,0x0000000776500000)
 ParOldGen       total 90624K, used 7426K [0x00000006cce00000, 0x00000006d2680000, 0x000000076ef80000)
  object space 90624K, 8% used [0x00000006cce00000,0x00000006cd540b38,0x00000006d2680000)
 Metaspace       used 22748K, capacity 23970K, committed 24064K, reserved 1069056K
  class space    used 3213K, capacity 3520K, committed 3584K, reserved 1048576K
GC Heap History (8 events):
Event: 1.799 GC heap before
{Heap before GC invocations=1 (full 0):
 PSYoungGen      total 72704K, used 62464K [0x000000076ef80000, 0x0000000774080000, 0x00000007c0000000)
  eden space 62464K, 100% used [0x000000076ef80000,0x0000000772c80000,0x0000000772c80000)
  from space 10240K, 0% used [0x0000000773680000,0x0000000773680000,0x0000000774080000)
  to   space 10240K, 0% used [0x0000000772c80000,0x0000000772c80000,0x0000000773680000)
 ParOldGen       total 166912K, used 0K [0x00000006cce00000, 0x00000006d7100000, 0x000000076ef80000)
  object space 166912K, 0% used [0x00000006cce00000,0x00000006cce00000,0x00000006d7100000)
 Metaspace       used 20218K, capacity 21180K, committed 21296K, reserved 1067008K
  class space    used 2919K, capacity 3159K, committed 3200K, reserved 1048576K
Event: 1.816 GC heap after
Heap after GC invocations=1 (full 0):
 PSYoungGen      total 72704K, used 9629K [0x000000076ef80000, 0x0000000774080000, 0x00000007c0000000)
  eden space 62464K, 0% used [0x000000076ef80000,0x000000076ef80000,0x0000000772c80000)
  from space 10240K, 94% used [0x0000000772c80000,0x00000007735e77c8,0x0000000773680000)
  to   space 10240K, 0% used [0x0000000773680000,0x0000000773680000,0x0000000774080000)
 ParOldGen       total 166912K, used 16K [0x00000006cce00000, 0x00000006d7100000, 0x000000076ef80000)
  object space 166912K, 0% used [0x00000006cce00000,0x00000006cce04000,0x00000006d7100000)
 Metaspace       used 20218K, capacity 21180K, committed 21296K, reserved 1067008K
  class space    used 2919K, capacity 3159K, committed 3200K, reserved 1048576K
}
Event: 1.897 GC heap before
{Heap before GC invocations=2 (full 0):
 PSYoungGen      total 72704K, used 19291K [0x000000076ef80000, 0x0000000774080000, 0x00000007c0000000)
  eden space 62464K, 15% used [0x000000076ef80000,0x000000076f8ef578,0x0000000772c80000)
  from space 10240K, 94% used [0x0000000772c80000,0x00000007735e77c8,0x0000000773680000)
  to   space 10240K, 0% used [0x0000000773680000,0x0000000773680000,0x0000000774080000)
 ParOldGen       total 166912K, used 16K [0x00000006cce00000, 0x00000006d7100000, 0x000000076ef80000)
  object space 166912K, 0% used [0x00000006cce00000,0x00000006cce04000,0x00000006d7100000)
 Metaspace       used 20288K, capacity 21244K, committed 21296K, reserved 1067008K
  class space    used 2920K, capacity 3159K, committed 3200K, reserved 1048576K
Event: 1.906 GC heap after
Heap after GC invocations=2 (full 0):
 PSYoungGen      total 72704K, used 7538K [0x000000076ef80000, 0x0000000777d80000, 0x00000007c0000000)
  eden space 62464K, 0% used [0x000000076ef80000,0x000000076ef80000,0x0000000772c80000)
  from space 10240K, 73% used [0x0000000773680000,0x0000000773ddcac0,0x0000000774080000)
  to   space 10240K, 0% used [0x0000000772c80000,0x0000000772c80000,0x0000000773680000)
 ParOldGen       total 166912K, used 24K [0x00000006cce00000, 0x00000006d7100000, 0x000000076ef80000)
  object space 166912K, 0% used [0x00000006cce00000,0x00000006cce06000,0x00000006d7100000)
 Metaspace       used 20288K, capacity 21244K, committed 21296K, reserved 1067008K
  class space    used 2920K, capacity 3159K, committed 3200K, reserved 1048576K
}
Event: 1.906 GC heap before
{Heap before GC invocations=3 (full 1):
 PSYoungGen      total 72704K, used 7538K [0x000000076ef80000, 0x0000000777d80000, 0x00000007c0000000)
  eden space 62464K, 0% used [0x000000076ef80000,0x000000076ef80000,0x0000000772c80000)
  from space 10240K, 73% used [0x0000000773680000,0x0000000773ddcac0,0x0000000774080000)
  to   space 10240K, 0% used [0x0000000772c80000,0x0000000772c80000,0x0000000773680000)
 ParOldGen       total 166912K, used 24K [0x00000006cce00000, 0x00000006d7100000, 0x000000076ef80000)
  object space 166912K, 0% used [0x00000006cce00000,0x00000006cce06000,0x00000006d7100000)
 Metaspace       used 20288K, capacity 21244K, committed 21296K, reserved 1067008K
  class space    used 2920K, capacity 3159K, committed 3200K, reserved 1048576K
Event: 1.956 GC heap after
Heap after GC invocations=3 (full 1):
 PSYoungGen      total 72704K, used 0K [0x000000076ef80000, 0x0000000777d80000, 0x00000007c0000000)
  eden space 62464K, 0% used [0x000000076ef80000,0x000000076ef80000,0x0000000772c80000)
  from space 10240K, 0% used [0x0000000773680000,0x0000000773680000,0x0000000774080000)
  to   space 10240K, 0% used [0x0000000772c80000,0x0000000772c80000,0x0000000773680000)
 ParOldGen       total 90624K, used 7418K [0x00000006cce00000, 0x00000006d2680000, 0x000000076ef80000)
  object space 90624K, 8% used [0x00000006cce00000,0x00000006cd53eb38,0x00000006d2680000)
 Metaspace       used 20288K, capacity 21244K, committed 21296K, reserved 1067008K
  class space    used 2920K, capacity 3159K, committed 3200K, reserved 1048576K
}
Event: 3.859 GC heap before
{Heap before GC invocations=4 (full 1):
 PSYoungGen      total 72704K, used 62464K [0x000000076ef80000, 0x0000000777d80000, 0x00000007c0000000)
  eden space 62464K, 100% used [0x000000076ef80000,0x0000000772c80000,0x0000000772c80000)
  from space 10240K, 0% used [0x0000000773680000,0x0000000773680000,0x0000000774080000)
  to   space 10240K, 0% used [0x0000000772c80000,0x0000000772c80000,0x0000000773680000)
 ParOldGen       total 90624K, used 7418K [0x00000006cce00000, 0x00000006d2680000, 0x000000076ef80000)
  object space 90624K, 8% used [0x00000006cce00000,0x00000006cd53eb38,0x00000006d2680000)
 Metaspace       used 22407K, capacity 23536K, committed 23808K, reserved 1069056K
  class space    used 3186K, capacity 3467K, committed 3584K, reserved 1048576K
Event: 3.865 GC heap after
Heap after GC invocations=4 (full 1):
 PSYoungGen      total 72704K, used 4704K [0x000000076ef80000, 0x0000000776500000, 0x00000007c0000000)
  eden space 62464K, 0% used [0x000000076ef80000,0x000000076ef80000,0x0000000772c80000)
  from space 10240K, 45% used [0x0000000772c80000,0x0000000773118020,0x0000000773680000)
  to   space 10240K, 0% used [0x0000000775b00000,0x0000000775b00000,0x0000000776500000)
 ParOldGen       total 90624K, used 7426K [0x00000006cce00000, 0x00000006d2680000, 0x000000076ef80000)
  object space 90624K, 8% used [0x00000006cce00000,0x00000006cd540b38,0x00000006d2680000)
 Metaspace       used 22407K, capacity 23536K, committed 23808K, reserved 1069056K
  class space    used 3186K, capacity 3467K, committed 3584K, reserved 1048576K
}

