# JRE version: Java(TM) SE Runtime Environment (8.0_131-b11) (build 1.8.0_131-b11)
# Java VM: Java HotSpot(TM) 64-Bit Server VM (25.131-b11 mixed mode windows-amd64 compressed oops)
Heap:
 PSYoungGen      total 48640K, used 11856K [0x00000000d5b80000, 0x00000000d9180000, 0x0000000100000000)
  eden space 43520K, 15% used [0x00000000d5b80000,0x00000000d62193e0,0x00000000d8600000)
  from space 5120K, 99% used [0x00000000d8c80000,0x00000000d917af10,0x00000000d9180000)
  to   space 5120K, 0% used [0x00000000d8780000,0x00000000d8780000,0x00000000d8c80000)
 ParOldGen       total 64512K, used 12825K [0x0000000081200000, 0x0000000085100000, 0x00000000d5b80000)
  object space 64512K, 19% used [0x0000000081200000,0x0000000081e86778,0x0000000085100000)
 Metaspace       used 28202K, capacity 30903K, committed 31152K, reserved 1075200K
  class space    used 4246K, capacity 4757K, committed 4784K, reserved 1048576K
GC Heap History (10 events):
Event: 1.279 GC heap before
{Heap before GC invocations=1 (full 0):
 PSYoungGen      total 38400K, used 33280K [0x00000000d5b80000, 0x00000000d8600000, 0x0000000100000000)
  eden space 33280K, 100% used [0x00000000d5b80000,0x00000000d7c00000,0x00000000d7c00000)
  from space 5120K, 0% used [0x00000000d8100000,0x00000000d8100000,0x00000000d8600000)
  to   space 5120K, 0% used [0x00000000d7c00000,0x00000000d7c00000,0x00000000d8100000)
 ParOldGen       total 87552K, used 0K [0x0000000081200000, 0x0000000086780000, 0x00000000d5b80000)
  object space 87552K, 0% used [0x0000000081200000,0x0000000081200000,0x0000000086780000)
 Metaspace       used 15707K, capacity 16140K, committed 16256K, reserved 1062912K
  class space    used 2028K, capacity 2161K, committed 2176K, reserved 1048576K
Event: 1.289 GC heap after
Heap after GC invocations=1 (full 0):
 PSYoungGen      total 38400K, used 5089K [0x00000000d5b80000, 0x00000000d8600000, 0x0000000100000000)
  eden space 33280K, 0% used [0x00000000d5b80000,0x00000000d5b80000,0x00000000d7c00000)
  from space 5120K, 99% used [0x00000000d7c00000,0x00000000d80f8508,0x00000000d8100000)
  to   space 5120K, 0% used [0x00000000d8100000,0x00000000d8100000,0x00000000d8600000)
 ParOldGen       total 87552K, used 1344K [0x0000000081200000, 0x0000000086780000, 0x00000000d5b80000)
  object space 87552K, 1% used [0x0000000081200000,0x00000000813500c8,0x0000000086780000)
 Metaspace       used 15707K, capacity 16140K, committed 16256K, reserved 1062912K
  class space    used 2028K, capacity 2161K, committed 2176K, reserved 1048576K
}
Event: 1.803 GC heap before
{Heap before GC invocations=2 (full 0):
 PSYoungGen      total 38400K, used 20919K [0x00000000d5b80000, 0x00000000d8600000, 0x0000000100000000)
  eden space 33280K, 47% used [0x00000000d5b80000,0x00000000d6af5a40,0x00000000d7c00000)
  from space 5120K, 99% used [0x00000000d7c00000,0x00000000d80f8508,0x00000000d8100000)
  to   space 5120K, 0% used [0x00000000d8100000,0x00000000d8100000,0x00000000d8600000)
 ParOldGen       total 87552K, used 1344K [0x0000000081200000, 0x0000000086780000, 0x00000000d5b80000)
  object space 87552K, 1% used [0x0000000081200000,0x00000000813500c8,0x0000000086780000)
 Metaspace       used 20248K, capacity 21263K, committed 21296K, reserved 1067008K
  class space    used 2856K, capacity 3087K, committed 3120K, reserved 1048576K
Event: 1.810 GC heap after
Heap after GC invocations=2 (full 0):
 PSYoungGen      total 38400K, used 5116K [0x00000000d5b80000, 0x00000000d8600000, 0x0000000100000000)
  eden space 33280K, 0% used [0x00000000d5b80000,0x00000000d5b80000,0x00000000d7c00000)
  from space 5120K, 99% used [0x00000000d8100000,0x00000000d85ff0d8,0x00000000d8600000)
  to   space 5120K, 0% used [0x00000000d7c00000,0x00000000d7c00000,0x00000000d8100000)
 ParOldGen       total 87552K, used 3234K [0x0000000081200000, 0x0000000086780000, 0x00000000d5b80000)
  object space 87552K, 3% used [0x0000000081200000,0x00000000815289e8,0x0000000086780000)
 Metaspace       used 20248K, capacity 21263K, committed 21296K, reserved 1067008K
  class space    used 2856K, capacity 3087K, committed 3120K, reserved 1048576K
}
Event: 1.810 GC heap before
{Heap before GC invocations=3 (full 1):
 PSYoungGen      total 38400K, used 5116K [0x00000000d5b80000, 0x00000000d8600000, 0x0000000100000000)
  eden space 33280K, 0% used [0x00000000d5b80000,0x00000000d5b80000,0x00000000d7c00000)
  from space 5120K, 99% used [0x00000000d8100000,0x00000000d85ff0d8,0x00000000d8600000)
  to   space 5120K, 0% used [0x00000000d7c00000,0x00000000d7c00000,0x00000000d8100000)
 ParOldGen       total 87552K, used 3234K [0x0000000081200000, 0x0000000086780000, 0x00000000d5b80000)
  object space 87552K, 3% used [0x0000000081200000,0x00000000815289e8,0x0000000086780000)
 Metaspace       used 20248K, capacity 21263K, committed 21296K, reserved 1067008K
  class space    used 2856K, capacity 3087K, committed 3120K, reserved 1048576K
Event: 1.843 GC heap after
Heap after GC invocations=3 (full 1):
 PSYoungGen      total 38400K, used 0K [0x00000000d5b80000, 0x00000000d8600000, 0x0000000100000000)
  eden space 33280K, 0% used [0x00000000d5b80000,0x00000000d5b80000,0x00000000d7c00000)
  from space 5120K, 0% used [0x00000000d8100000,0x00000000d8100000,0x00000000d8600000)
  to   space 5120K, 0% used [0x00000000d7c00000,0x00000000d7c00000,0x00000000d8100000)
 ParOldGen       total 64512K, used 6937K [0x0000000081200000, 0x0000000085100000, 0x00000000d5b80000)
  object space 64512K, 10% used [0x0000000081200000,0x00000000818c6688,0x0000000085100000)
 Metaspace       used 20248K, capacity 21263K, committed 21296K, reserved 1067008K
  class space    used 2856K, capacity 3087K, committed 3120K, reserved 1048576K
}
Event: 3.044 GC heap before
{Heap before GC invocations=4 (full 1):
 PSYoungGen      total 38400K, used 32608K [0x00000000d5b80000, 0x00000000d8600000, 0x0000000100000000)
  eden space 33280K, 97% used [0x00000000d5b80000,0x00000000d7b58168,0x00000000d7c00000)
  from space 5120K, 0% used [0x00000000d8100000,0x00000000d8100000,0x00000000d8600000)
  to   space 5120K, 0% used [0x00000000d7c00000,0x00000000d7c00000,0x00000000d8100000)
 ParOldGen       total 64512K, used 6937K [0x0000000081200000, 0x0000000085100000, 0x00000000d5b80000)
  object space 64512K, 10% used [0x0000000081200000,0x00000000818c6688,0x0000000085100000)
 Metaspace       used 25176K, capacity 27451K, committed 27696K, reserved 1073152K
  class space    used 3842K, capacity 4291K, committed 4400K, reserved 1048576K
Event: 3.057 GC heap after
Heap after GC invocations=4 (full 1):
 PSYoungGen      total 38400K, used 5115K [0x00000000d5b80000, 0x00000000d9180000, 0x0000000100000000)
  eden space 33280K, 0% used [0x00000000d5b80000,0x00000000d5b80000,0x00000000d7c00000)
  from space 5120K, 99% used [0x00000000d7c00000,0x00000000d80fef10,0x00000000d8100000)
  to   space 5120K, 0% used [0x00000000d8c80000,0x00000000d8c80000,0x00000000d9180000)
 ParOldGen       total 64512K, used 8578K [0x0000000081200000, 0x0000000085100000, 0x00000000d5b80000)
  object space 64512K, 13% used [0x0000000081200000,0x0000000081a60988,0x0000000085100000)
 Metaspace       used 25176K, capacity 27451K, committed 27696K, reserved 1073152K
  class space    used 3842K, capacity 4291K, committed 4400K, reserved 1048576K
}
Event: 10.470 GC heap before
{Heap before GC invocations=5 (full 1):
 PSYoungGen      total 38400K, used 38395K [0x00000000d5b80000, 0x00000000d9180000, 0x0000000100000000)
  eden space 33280K, 100% used [0x00000000d5b80000,0x00000000d7c00000,0x00000000d7c00000)
  from space 5120K, 99% used [0x00000000d7c00000,0x00000000d80fef10,0x00000000d8100000)
  to   space 5120K, 0% used [0x00000000d8c80000,0x00000000d8c80000,0x00000000d9180000)
 ParOldGen       total 64512K, used 8578K [0x0000000081200000, 0x0000000085100000, 0x00000000d5b80000)
  object space 64512K, 13% used [0x0000000081200000,0x0000000081a60988,0x0000000085100000)
 Metaspace       used 28158K, capacity 30903K, committed 31152K, reserved 1075200K
  class space    used 4246K, capacity 4757K, committed 4784K, reserved 1048576K
Event: 10.478 GC heap after
Heap after GC invocations=5 (full 1):
 PSYoungGen      total 48640K, used 5099K [0x00000000d5b80000, 0x00000000d9180000, 0x0000000100000000)
  eden space 43520K, 0% used [0x00000000d5b80000,0x00000000d5b80000,0x00000000d8600000)
  from space 5120K, 99% used [0x00000000d8c80000,0x00000000d917af10,0x00000000d9180000)
  to   space 5120K, 0% used [0x00000000d8780000,0x00000000d8780000,0x00000000d8c80000)
 ParOldGen       total 64512K, used 12825K [0x0000000081200000, 0x0000000085100000, 0x00000000d5b80000)
  object space 64512K, 19% used [0x0000000081200000,0x0000000081e86778,0x0000000085100000)
 Metaspace       used 28158K, capacity 30903K, committed 31152K, reserved 1075200K
  class space    used 4246K, capacity 4757K, committed 4784K, reserved 1048576K
}

