# JRE version: Java(TM) SE Runtime Environment (8.0_131-b11) (build 1.8.0_131-b11)
# Java VM: Java HotSpot(TM) 64-Bit Server VM (25.131-b11 mixed mode windows-amd64 compressed oops)
Heap:
 PSYoungGen      total 38400K, used 23279K [0x00000000d5b80000, 0x00000000d9080000, 0x0000000100000000)
  eden space 33280K, 54% used [0x00000000d5b80000,0x00000000d6d3ff38,0x00000000d7c00000)
  from space 5120K, 99% used [0x00000000d8b80000,0x00000000d907bf30,0x00000000d9080000)
  to   space 5120K, 0% used [0x00000000d7c00000,0x00000000d7c00000,0x00000000d8100000)
 ParOldGen       total 65024K, used 12708K [0x0000000081200000, 0x0000000085180000, 0x00000000d5b80000)
  object space 65024K, 19% used [0x0000000081200000,0x0000000081e692e8,0x0000000085180000)
 Metaspace       used 28687K, capacity 31386K, committed 31616K, reserved 1077248K
  class space    used 4224K, capacity 4718K, committed 4736K, reserved 1048576K
GC Heap History (10 events):
Event: 1.223 GC heap before
{Heap before GC invocations=1 (full 0):
 PSYoungGen      total 38400K, used 33280K [0x00000000d5b80000, 0x00000000d8600000, 0x0000000100000000)
  eden space 33280K, 100% used [0x00000000d5b80000,0x00000000d7c00000,0x00000000d7c00000)
  from space 5120K, 0% used [0x00000000d8100000,0x00000000d8100000,0x00000000d8600000)
  to   space 5120K, 0% used [0x00000000d7c00000,0x00000000d7c00000,0x00000000d8100000)
 ParOldGen       total 87552K, used 0K [0x0000000081200000, 0x0000000086780000, 0x00000000d5b80000)
  object space 87552K, 0% used [0x0000000081200000,0x0000000081200000,0x0000000086780000)
 Metaspace       used 15709K, capacity 16140K, committed 16256K, reserved 1062912K
  class space    used 2023K, capacity 2161K, committed 2176K, reserved 1048576K
Event: 1.233 GC heap after
Heap after GC invocations=1 (full 0):
 PSYoungGen      total 38400K, used 5089K [0x00000000d5b80000, 0x00000000d8600000, 0x0000000100000000)
  eden space 33280K, 0% used [0x00000000d5b80000,0x00000000d5b80000,0x00000000d7c00000)
  from space 5120K, 99% used [0x00000000d7c00000,0x00000000d80f85d8,0x00000000d8100000)
  to   space 5120K, 0% used [0x00000000d8100000,0x00000000d8100000,0x00000000d8600000)
 ParOldGen       total 87552K, used 1379K [0x0000000081200000, 0x0000000086780000, 0x00000000d5b80000)
  object space 87552K, 1% used [0x0000000081200000,0x0000000081358da0,0x0000000086780000)
 Metaspace       used 15709K, capacity 16140K, committed 16256K, reserved 1062912K
  class space    used 2023K, capacity 2161K, committed 2176K, reserved 1048576K
}
Event: 1.817 GC heap before
{Heap before GC invocations=2 (full 0):
 PSYoungGen      total 38400K, used 20920K [0x00000000d5b80000, 0x00000000d8600000, 0x0000000100000000)
  eden space 33280K, 47% used [0x00000000d5b80000,0x00000000d6af5dd8,0x00000000d7c00000)
  from space 5120K, 99% used [0x00000000d7c00000,0x00000000d80f85d8,0x00000000d8100000)
  to   space 5120K, 0% used [0x00000000d8100000,0x00000000d8100000,0x00000000d8600000)
 ParOldGen       total 87552K, used 1379K [0x0000000081200000, 0x0000000086780000, 0x00000000d5b80000)
  object space 87552K, 1% used [0x0000000081200000,0x0000000081358da0,0x0000000086780000)
 Metaspace       used 20234K, capacity 21200K, committed 21248K, reserved 1067008K
  class space    used 2839K, capacity 3039K, committed 3072K, reserved 1048576K
Event: 1.824 GC heap after
Heap after GC invocations=2 (full 0):
 PSYoungGen      total 38400K, used 5116K [0x00000000d5b80000, 0x00000000d8600000, 0x0000000100000000)
  eden space 33280K, 0% used [0x00000000d5b80000,0x00000000d5b80000,0x00000000d7c00000)
  from space 5120K, 99% used [0x00000000d8100000,0x00000000d85ff0d8,0x00000000d8600000)
  to   space 5120K, 0% used [0x00000000d7c00000,0x00000000d7c00000,0x00000000d8100000)
 ParOldGen       total 87552K, used 3265K [0x0000000081200000, 0x0000000086780000, 0x00000000d5b80000)
  object space 87552K, 3% used [0x0000000081200000,0x00000000815305a0,0x0000000086780000)
 Metaspace       used 20234K, capacity 21200K, committed 21248K, reserved 1067008K
  class space    used 2839K, capacity 3039K, committed 3072K, reserved 1048576K
}
Event: 1.824 GC heap before
{Heap before GC invocations=3 (full 1):
 PSYoungGen      total 38400K, used 5116K [0x00000000d5b80000, 0x00000000d8600000, 0x0000000100000000)
  eden space 33280K, 0% used [0x00000000d5b80000,0x00000000d5b80000,0x00000000d7c00000)
  from space 5120K, 99% used [0x00000000d8100000,0x00000000d85ff0d8,0x00000000d8600000)
  to   space 5120K, 0% used [0x00000000d7c00000,0x00000000d7c00000,0x00000000d8100000)
 ParOldGen       total 87552K, used 3265K [0x0000000081200000, 0x0000000086780000, 0x00000000d5b80000)
  object space 87552K, 3% used [0x0000000081200000,0x00000000815305a0,0x0000000086780000)
 Metaspace       used 20234K, capacity 21200K, committed 21248K, reserved 1067008K
  class space    used 2839K, capacity 3039K, committed 3072K, reserved 1048576K
Event: 1.858 GC heap after
Heap after GC invocations=3 (full 1):
 PSYoungGen      total 38400K, used 0K [0x00000000d5b80000, 0x00000000d8600000, 0x0000000100000000)
  eden space 33280K, 0% used [0x00000000d5b80000,0x00000000d5b80000,0x00000000d7c00000)
  from space 5120K, 0% used [0x00000000d8100000,0x00000000d8100000,0x00000000d8600000)
  to   space 5120K, 0% used [0x00000000d7c00000,0x00000000d7c00000,0x00000000d8100000)
 ParOldGen       total 65024K, used 6918K [0x0000000081200000, 0x0000000085180000, 0x00000000d5b80000)
  object space 65024K, 10% used [0x0000000081200000,0x00000000818c1a40,0x0000000085180000)
 Metaspace       used 20234K, capacity 21200K, committed 21248K, reserved 1067008K
  class space    used 2839K, capacity 3039K, committed 3072K, reserved 1048576K
}
Event: 3.040 GC heap before
{Heap before GC invocations=4 (full 1):
 PSYoungGen      total 38400K, used 32633K [0x00000000d5b80000, 0x00000000d8600000, 0x0000000100000000)
  eden space 33280K, 98% used [0x00000000d5b80000,0x00000000d7b5e560,0x00000000d7c00000)
  from space 5120K, 0% used [0x00000000d8100000,0x00000000d8100000,0x00000000d8600000)
  to   space 5120K, 0% used [0x00000000d7c00000,0x00000000d7c00000,0x00000000d8100000)
 ParOldGen       total 65024K, used 6918K [0x0000000081200000, 0x0000000085180000, 0x00000000d5b80000)
  object space 65024K, 10% used [0x0000000081200000,0x00000000818c1a40,0x0000000085180000)
 Metaspace       used 25211K, capacity 27460K, committed 27648K, reserved 1073152K
  class space    used 3840K, capacity 4293K, committed 4352K, reserved 1048576K
Event: 3.049 GC heap after
Heap after GC invocations=4 (full 1):
 PSYoungGen      total 38400K, used 5102K [0x00000000d5b80000, 0x00000000d9080000, 0x0000000100000000)
  eden space 33280K, 0% used [0x00000000d5b80000,0x00000000d5b80000,0x00000000d7c00000)
  from space 5120K, 99% used [0x00000000d7c00000,0x00000000d80fb980,0x00000000d8100000)
  to   space 5120K, 0% used [0x00000000d8b80000,0x00000000d8b80000,0x00000000d9080000)
 ParOldGen       total 65024K, used 8855K [0x0000000081200000, 0x0000000085180000, 0x00000000d5b80000)
  object space 65024K, 13% used [0x0000000081200000,0x0000000081aa5c08,0x0000000085180000)
 Metaspace       used 25211K, capacity 27460K, committed 27648K, reserved 1073152K
  class space    used 3840K, capacity 4293K, committed 4352K, reserved 1048576K
}
Event: 156.682 GC heap before
{Heap before GC invocations=5 (full 1):
 PSYoungGen      total 38400K, used 38382K [0x00000000d5b80000, 0x00000000d9080000, 0x0000000100000000)
  eden space 33280K, 100% used [0x00000000d5b80000,0x00000000d7c00000,0x00000000d7c00000)
  from space 5120K, 99% used [0x00000000d7c00000,0x00000000d80fb980,0x00000000d8100000)
  to   space 5120K, 0% used [0x00000000d8b80000,0x00000000d8b80000,0x00000000d9080000)
 ParOldGen       total 65024K, used 8855K [0x0000000081200000, 0x0000000085180000, 0x00000000d5b80000)
  object space 65024K, 13% used [0x0000000081200000,0x0000000081aa5c08,0x0000000085180000)
 Metaspace       used 27944K, capacity 30572K, committed 30848K, reserved 1075200K
  class space    used 4146K, capacity 4637K, committed 4736K, reserved 1048576K
Event: 156.691 GC heap after
Heap after GC invocations=5 (full 1):
 PSYoungGen      total 38400K, used 5103K [0x00000000d5b80000, 0x00000000d9080000, 0x0000000100000000)
  eden space 33280K, 0% used [0x00000000d5b80000,0x00000000d5b80000,0x00000000d7c00000)
  from space 5120K, 99% used [0x00000000d8b80000,0x00000000d907bf30,0x00000000d9080000)
  to   space 5120K, 0% used [0x00000000d7c00000,0x00000000d7c00000,0x00000000d8100000)
 ParOldGen       total 65024K, used 12708K [0x0000000081200000, 0x0000000085180000, 0x00000000d5b80000)
  object space 65024K, 19% used [0x0000000081200000,0x0000000081e692e8,0x0000000085180000)
 Metaspace       used 27944K, capacity 30572K, committed 30848K, reserved 1075200K
  class space    used 4146K, capacity 4637K, committed 4736K, reserved 1048576K
}

