# JRE version: Java(TM) SE Runtime Environment (8.0_131-b11) (build 1.8.0_131-b11)
# Java VM: Java HotSpot(TM) 64-Bit Server VM (25.131-b11 mixed mode windows-amd64 compressed oops)
Heap:
 PSYoungGen      total 38400K, used 34407K [0x00000000d5b80000, 0x00000000d8f00000, 0x0000000100000000)
  eden space 33280K, 88% used [0x00000000d5b80000,0x00000000d781e3f8,0x00000000d7c00000)
  from space 5120K, 99% used [0x00000000d7c00000,0x00000000d80fb990,0x00000000d8100000)
  to   space 5120K, 0% used [0x00000000d8a00000,0x00000000d8a00000,0x00000000d8f00000)
 ParOldGen       total 66048K, used 9942K [0x0000000081200000, 0x0000000085280000, 0x00000000d5b80000)
  object space 66048K, 15% used [0x0000000081200000,0x0000000081bb5840,0x0000000085280000)
 Metaspace       used 28039K, capacity 30745K, committed 30848K, reserved 1075200K
  class space    used 4229K, capacity 4726K, committed 4736K, reserved 1048576K
GC Heap History (8 events):
Event: 1.185 GC heap before
{Heap before GC invocations=1 (full 0):
 PSYoungGen      total 38400K, used 33280K [0x00000000d5b80000, 0x00000000d8600000, 0x0000000100000000)
  eden space 33280K, 100% used [0x00000000d5b80000,0x00000000d7c00000,0x00000000d7c00000)
  from space 5120K, 0% used [0x00000000d8100000,0x00000000d8100000,0x00000000d8600000)
  to   space 5120K, 0% used [0x00000000d7c00000,0x00000000d7c00000,0x00000000d8100000)
 ParOldGen       total 87552K, used 0K [0x0000000081200000, 0x0000000086780000, 0x00000000d5b80000)
  object space 87552K, 0% used [0x0000000081200000,0x0000000081200000,0x0000000086780000)
 Metaspace       used 15712K, capacity 16148K, committed 16256K, reserved 1062912K
  class space    used 2026K, capacity 2161K, committed 2176K, reserved 1048576K
Event: 1.193 GC heap after
Heap after GC invocations=1 (full 0):
 PSYoungGen      total 38400K, used 5105K [0x00000000d5b80000, 0x00000000d8600000, 0x0000000100000000)
  eden space 33280K, 0% used [0x00000000d5b80000,0x00000000d5b80000,0x00000000d7c00000)
  from space 5120K, 99% used [0x00000000d7c00000,0x00000000d80fc518,0x00000000d8100000)
  to   space 5120K, 0% used [0x00000000d8100000,0x00000000d8100000,0x00000000d8600000)
 ParOldGen       total 87552K, used 1315K [0x0000000081200000, 0x0000000086780000, 0x00000000d5b80000)
  object space 87552K, 1% used [0x0000000081200000,0x0000000081348e80,0x0000000086780000)
 Metaspace       used 15712K, capacity 16148K, committed 16256K, reserved 1062912K
  class space    used 2026K, capacity 2161K, committed 2176K, reserved 1048576K
}
Event: 1.739 GC heap before
{Heap before GC invocations=2 (full 0):
 PSYoungGen      total 38400K, used 21352K [0x00000000d5b80000, 0x00000000d8600000, 0x0000000100000000)
  eden space 33280K, 48% used [0x00000000d5b80000,0x00000000d6b5dc90,0x00000000d7c00000)
  from space 5120K, 99% used [0x00000000d7c00000,0x00000000d80fc518,0x00000000d8100000)
  to   space 5120K, 0% used [0x00000000d8100000,0x00000000d8100000,0x00000000d8600000)
 ParOldGen       total 87552K, used 1315K [0x0000000081200000, 0x0000000086780000, 0x00000000d5b80000)
  object space 87552K, 1% used [0x0000000081200000,0x0000000081348e80,0x0000000086780000)
 Metaspace       used 20296K, capacity 21275K, committed 21296K, reserved 1067008K
  class space    used 2866K, capacity 3072K, committed 3072K, reserved 1048576K
Event: 1.745 GC heap after
Heap after GC invocations=2 (full 0):
 PSYoungGen      total 38400K, used 5100K [0x00000000d5b80000, 0x00000000d8600000, 0x0000000100000000)
  eden space 33280K, 0% used [0x00000000d5b80000,0x00000000d5b80000,0x00000000d7c00000)
  from space 5120K, 99% used [0x00000000d8100000,0x00000000d85fb108,0x00000000d8600000)
  to   space 5120K, 0% used [0x00000000d7c00000,0x00000000d7c00000,0x00000000d8100000)
 ParOldGen       total 87552K, used 3216K [0x0000000081200000, 0x0000000086780000, 0x00000000d5b80000)
  object space 87552K, 3% used [0x0000000081200000,0x0000000081524170,0x0000000086780000)
 Metaspace       used 20296K, capacity 21275K, committed 21296K, reserved 1067008K
  class space    used 2866K, capacity 3072K, committed 3072K, reserved 1048576K
}
Event: 1.745 GC heap before
{Heap before GC invocations=3 (full 1):
 PSYoungGen      total 38400K, used 5100K [0x00000000d5b80000, 0x00000000d8600000, 0x0000000100000000)
  eden space 33280K, 0% used [0x00000000d5b80000,0x00000000d5b80000,0x00000000d7c00000)
  from space 5120K, 99% used [0x00000000d8100000,0x00000000d85fb108,0x00000000d8600000)
  to   space 5120K, 0% used [0x00000000d7c00000,0x00000000d7c00000,0x00000000d8100000)
 ParOldGen       total 87552K, used 3216K [0x0000000081200000, 0x0000000086780000, 0x00000000d5b80000)
  object space 87552K, 3% used [0x0000000081200000,0x0000000081524170,0x0000000086780000)
 Metaspace       used 20296K, capacity 21275K, committed 21296K, reserved 1067008K
  class space    used 2866K, capacity 3072K, committed 3072K, reserved 1048576K
Event: 1.784 GC heap after
Heap after GC invocations=3 (full 1):
 PSYoungGen      total 38400K, used 0K [0x00000000d5b80000, 0x00000000d8600000, 0x0000000100000000)
  eden space 33280K, 0% used [0x00000000d5b80000,0x00000000d5b80000,0x00000000d7c00000)
  from space 5120K, 0% used [0x00000000d8100000,0x00000000d8100000,0x00000000d8600000)
  to   space 5120K, 0% used [0x00000000d7c00000,0x00000000d7c00000,0x00000000d8100000)
 ParOldGen       total 66048K, used 6961K [0x0000000081200000, 0x0000000085280000, 0x00000000d5b80000)
  object space 66048K, 10% used [0x0000000081200000,0x00000000818cc7e0,0x0000000085280000)
 Metaspace       used 20296K, capacity 21275K, committed 21296K, reserved 1067008K
  class space    used 2866K, capacity 3072K, committed 3072K, reserved 1048576K
}
Event: 3.031 GC heap before
{Heap before GC invocations=4 (full 1):
 PSYoungGen      total 38400K, used 33280K [0x00000000d5b80000, 0x00000000d8600000, 0x0000000100000000)
  eden space 33280K, 100% used [0x00000000d5b80000,0x00000000d7c00000,0x00000000d7c00000)
  from space 5120K, 0% used [0x00000000d8100000,0x00000000d8100000,0x00000000d8600000)
  to   space 5120K, 0% used [0x00000000d7c00000,0x00000000d7c00000,0x00000000d8100000)
 ParOldGen       total 66048K, used 6994K [0x0000000081200000, 0x0000000085280000, 0x00000000d5b80000)
  object space 66048K, 10% used [0x0000000081200000,0x00000000818d4a70,0x0000000085280000)
 Metaspace       used 25253K, capacity 27525K, committed 27648K, reserved 1073152K
  class space    used 3850K, capacity 4294K, committed 4352K, reserved 1048576K
Event: 3.038 GC heap after
Heap after GC invocations=4 (full 1):
 PSYoungGen      total 38400K, used 5102K [0x00000000d5b80000, 0x00000000d8f00000, 0x0000000100000000)
  eden space 33280K, 0% used [0x00000000d5b80000,0x00000000d5b80000,0x00000000d7c00000)
  from space 5120K, 99% used [0x00000000d7c00000,0x00000000d80fb990,0x00000000d8100000)
  to   space 5120K, 0% used [0x00000000d8a00000,0x00000000d8a00000,0x00000000d8f00000)
 ParOldGen       total 66048K, used 9942K [0x0000000081200000, 0x0000000085280000, 0x00000000d5b80000)
  object space 66048K, 15% used [0x0000000081200000,0x0000000081bb5840,0x0000000085280000)
 Metaspace       used 25253K, capacity 27525K, committed 27648K, reserved 1073152K
  class space    used 3850K, capacity 4294K, committed 4352K, reserved 1048576K
}

