# JRE version: Java(TM) SE Runtime Environment (8.0_131-b11) (build 1.8.0_131-b11)
# Java VM: Java HotSpot(TM) 64-Bit Server VM (25.131-b11 mixed mode windows-amd64 compressed oops)
Heap:
 PSYoungGen      total 72704K, used 12335K [0x000000076ef80000, 0x0000000774a00000, 0x00000007c0000000)
  eden space 62464K, 3% used [0x000000076ef80000,0x000000076f18d290,0x0000000772c80000)
  from space 10240K, 99% used [0x0000000772c80000,0x000000077367ecd8,0x0000000773680000)
  to   space 10240K, 0% used [0x0000000774000000,0x0000000774000000,0x0000000774a00000)
 ParOldGen       total 119296K, used 12237K [0x00000006cce00000, 0x00000006d4280000, 0x000000076ef80000)
  object space 119296K, 10% used [0x00000006cce00000,0x00000006cd9f34a8,0x00000006d4280000)
 Metaspace       used 31528K, capacity 34126K, committed 34224K, reserved 1079296K
  class space    used 4491K, capacity 5000K, committed 5040K, reserved 1048576K
GC Heap History (8 events):
Event: 1.772 GC heap before
{Heap before GC invocations=1 (full 0):
 PSYoungGen      total 72704K, used 50571K [0x000000076ef80000, 0x0000000774080000, 0x00000007c0000000)
  eden space 62464K, 80% used [0x000000076ef80000,0x00000007720e2f10,0x0000000772c80000)
  from space 10240K, 0% used [0x0000000773680000,0x0000000773680000,0x0000000774080000)
  to   space 10240K, 0% used [0x0000000772c80000,0x0000000772c80000,0x0000000773680000)
 ParOldGen       total 166912K, used 0K [0x00000006cce00000, 0x00000006d7100000, 0x000000076ef80000)
  object space 166912K, 0% used [0x00000006cce00000,0x00000006cce00000,0x00000006d7100000)
 Metaspace       used 20288K, capacity 21262K, committed 21296K, reserved 1067008K
  class space    used 2860K, capacity 3092K, committed 3120K, reserved 1048576K
Event: 1.784 GC heap after
Heap after GC invocations=1 (full 0):
 PSYoungGen      total 72704K, used 8883K [0x000000076ef80000, 0x0000000774080000, 0x00000007c0000000)
  eden space 62464K, 0% used [0x000000076ef80000,0x000000076ef80000,0x0000000772c80000)
  from space 10240K, 86% used [0x0000000772c80000,0x000000077352cfa0,0x0000000773680000)
  to   space 10240K, 0% used [0x0000000773680000,0x0000000773680000,0x0000000774080000)
 ParOldGen       total 166912K, used 80K [0x00000006cce00000, 0x00000006d7100000, 0x000000076ef80000)
  object space 166912K, 0% used [0x00000006cce00000,0x00000006cce14010,0x00000006d7100000)
 Metaspace       used 20288K, capacity 21262K, committed 21296K, reserved 1067008K
  class space    used 2860K, capacity 3092K, committed 3120K, reserved 1048576K
}
Event: 1.784 GC heap before
{Heap before GC invocations=2 (full 1):
 PSYoungGen      total 72704K, used 8883K [0x000000076ef80000, 0x0000000774080000, 0x00000007c0000000)
  eden space 62464K, 0% used [0x000000076ef80000,0x000000076ef80000,0x0000000772c80000)
  from space 10240K, 86% used [0x0000000772c80000,0x000000077352cfa0,0x0000000773680000)
  to   space 10240K, 0% used [0x0000000773680000,0x0000000773680000,0x0000000774080000)
 ParOldGen       total 166912K, used 80K [0x00000006cce00000, 0x00000006d7100000, 0x000000076ef80000)
  object space 166912K, 0% used [0x00000006cce00000,0x00000006cce14010,0x00000006d7100000)
 Metaspace       used 20288K, capacity 21262K, committed 21296K, reserved 1067008K
  class space    used 2860K, capacity 3092K, committed 3120K, reserved 1048576K
Event: 1.820 GC heap after
Heap after GC invocations=2 (full 1):
 PSYoungGen      total 72704K, used 0K [0x000000076ef80000, 0x0000000774080000, 0x00000007c0000000)
  eden space 62464K, 0% used [0x000000076ef80000,0x000000076ef80000,0x0000000772c80000)
  from space 10240K, 0% used [0x0000000772c80000,0x0000000772c80000,0x0000000773680000)
  to   space 10240K, 0% used [0x0000000773680000,0x0000000773680000,0x0000000774080000)
 ParOldGen       total 119296K, used 8711K [0x00000006cce00000, 0x00000006d4280000, 0x000000076ef80000)
  object space 119296K, 7% used [0x00000006cce00000,0x00000006cd681da0,0x00000006d4280000)
 Metaspace       used 20288K, capacity 21262K, committed 21296K, reserved 1067008K
  class space    used 2860K, capacity 3092K, committed 3120K, reserved 1048576K
}
Event: 4.310 GC heap before
{Heap before GC invocations=3 (full 1):
 PSYoungGen      total 72704K, used 62464K [0x000000076ef80000, 0x0000000774080000, 0x00000007c0000000)
  eden space 62464K, 100% used [0x000000076ef80000,0x0000000772c80000,0x0000000772c80000)
  from space 10240K, 0% used [0x0000000772c80000,0x0000000772c80000,0x0000000773680000)
  to   space 10240K, 0% used [0x0000000773680000,0x0000000773680000,0x0000000774080000)
 ParOldGen       total 119296K, used 8711K [0x00000006cce00000, 0x00000006d4280000, 0x000000076ef80000)
  object space 119296K, 7% used [0x00000006cce00000,0x00000006cd681da0,0x00000006d4280000)
 Metaspace       used 25658K, capacity 27774K, committed 27952K, reserved 1073152K
  class space    used 3872K, capacity 4273K, committed 4400K, reserved 1048576K
Event: 4.320 GC heap after
Heap after GC invocations=3 (full 1):
 PSYoungGen      total 72704K, used 9051K [0x000000076ef80000, 0x0000000774d00000, 0x00000007c0000000)
  eden space 62464K, 0% used [0x000000076ef80000,0x000000076ef80000,0x0000000772c80000)
  from space 10240K, 88% used [0x0000000773680000,0x0000000773f56fc8,0x0000000774080000)
  to   space 10240K, 0% used [0x0000000772c80000,0x0000000772c80000,0x0000000773680000)
 ParOldGen       total 119296K, used 8719K [0x00000006cce00000, 0x00000006d4280000, 0x000000076ef80000)
  object space 119296K, 7% used [0x00000006cce00000,0x00000006cd683da0,0x00000006d4280000)
 Metaspace       used 25658K, capacity 27774K, committed 27952K, reserved 1073152K
  class space    used 3872K, capacity 4273K, committed 4400K, reserved 1048576K
}
Event: 38.403 GC heap before
{Heap before GC invocations=4 (full 1):
 PSYoungGen      total 72704K, used 71515K [0x000000076ef80000, 0x0000000774d00000, 0x00000007c0000000)
  eden space 62464K, 100% used [0x000000076ef80000,0x0000000772c80000,0x0000000772c80000)
  from space 10240K, 88% used [0x0000000773680000,0x0000000773f56fc8,0x0000000774080000)
  to   space 10240K, 0% used [0x0000000772c80000,0x0000000772c80000,0x0000000773680000)
 ParOldGen       total 119296K, used 8719K [0x00000006cce00000, 0x00000006d4280000, 0x000000076ef80000)
  object space 119296K, 7% used [0x00000006cce00000,0x00000006cd683da0,0x00000006d4280000)
 Metaspace       used 31528K, capacity 34126K, committed 34224K, reserved 1079296K
  class space    used 4491K, capacity 5000K, committed 5040K, reserved 1048576K
Event: 38.416 GC heap after
Heap after GC invocations=4 (full 1):
 PSYoungGen      total 72704K, used 10235K [0x000000076ef80000, 0x0000000774a00000, 0x00000007c0000000)
  eden space 62464K, 0% used [0x000000076ef80000,0x000000076ef80000,0x0000000772c80000)
  from space 10240K, 99% used [0x0000000772c80000,0x000000077367ecd8,0x0000000773680000)
  to   space 10240K, 0% used [0x0000000774000000,0x0000000774000000,0x0000000774a00000)
 ParOldGen       total 119296K, used 12237K [0x00000006cce00000, 0x00000006d4280000, 0x000000076ef80000)
  object space 119296K, 10% used [0x00000006cce00000,0x00000006cd9f34a8,0x00000006d4280000)
 Metaspace       used 31528K, capacity 34126K, committed 34224K, reserved 1079296K
  class space    used 4491K, capacity 5000K, committed 5040K, reserved 1048576K
}

