# JRE version: Java(TM) SE Runtime Environment (8.0_131-b11) (build 1.8.0_131-b11)
# Java VM: Java HotSpot(TM) 64-Bit Server VM (25.131-b11 mixed mode windows-amd64 compressed oops)
Heap:
 PSYoungGen      total 72704K, used 19847K [0x000000076ef80000, 0x0000000775200000, 0x00000007c0000000)
  eden space 62464K, 15% used [0x000000076ef80000,0x000000076f8e51c8,0x0000000772c80000)
  from space 10240K, 99% used [0x0000000773680000,0x000000077407cc98,0x0000000774080000)
  to   space 10240K, 0% used [0x0000000772c80000,0x0000000772c80000,0x0000000773680000)
 ParOldGen       total 118784K, used 10622K [0x00000006cce00000, 0x00000006d4200000, 0x000000076ef80000)
  object space 118784K, 8% used [0x00000006cce00000,0x00000006cd85f870,0x00000006d4200000)
 Metaspace       used 29958K, capacity 32305K, committed 32560K, reserved 1077248K
  class space    used 4426K, capacity 4875K, committed 4912K, reserved 1048576K
GC Heap History (6 events):
Event: 1.791 GC heap before
{Heap before GC invocations=1 (full 0):
 PSYoungGen      total 72704K, used 49327K [0x000000076ef80000, 0x0000000774080000, 0x00000007c0000000)
  eden space 62464K, 78% used [0x000000076ef80000,0x0000000771fabf38,0x0000000772c80000)
  from space 10240K, 0% used [0x0000000773680000,0x0000000773680000,0x0000000774080000)
  to   space 10240K, 0% used [0x0000000772c80000,0x0000000772c80000,0x0000000773680000)
 ParOldGen       total 166912K, used 0K [0x00000006cce00000, 0x00000006d7100000, 0x000000076ef80000)
  object space 166912K, 0% used [0x00000006cce00000,0x00000006cce00000,0x00000006d7100000)
 Metaspace       used 20234K, capacity 21259K, committed 21296K, reserved 1067008K
  class space    used 2865K, capacity 3083K, committed 3120K, reserved 1048576K
Event: 1.803 GC heap after
Heap after GC invocations=1 (full 0):
 PSYoungGen      total 72704K, used 8879K [0x000000076ef80000, 0x0000000774080000, 0x00000007c0000000)
  eden space 62464K, 0% used [0x000000076ef80000,0x000000076ef80000,0x0000000772c80000)
  from space 10240K, 86% used [0x0000000772c80000,0x000000077352bfa8,0x0000000773680000)
  to   space 10240K, 0% used [0x0000000773680000,0x0000000773680000,0x0000000774080000)
 ParOldGen       total 166912K, used 80K [0x00000006cce00000, 0x00000006d7100000, 0x000000076ef80000)
  object space 166912K, 0% used [0x00000006cce00000,0x00000006cce14010,0x00000006d7100000)
 Metaspace       used 20234K, capacity 21259K, committed 21296K, reserved 1067008K
  class space    used 2865K, capacity 3083K, committed 3120K, reserved 1048576K
}
Event: 1.803 GC heap before
{Heap before GC invocations=2 (full 1):
 PSYoungGen      total 72704K, used 8879K [0x000000076ef80000, 0x0000000774080000, 0x00000007c0000000)
  eden space 62464K, 0% used [0x000000076ef80000,0x000000076ef80000,0x0000000772c80000)
  from space 10240K, 86% used [0x0000000772c80000,0x000000077352bfa8,0x0000000773680000)
  to   space 10240K, 0% used [0x0000000773680000,0x0000000773680000,0x0000000774080000)
 ParOldGen       total 166912K, used 80K [0x00000006cce00000, 0x00000006d7100000, 0x000000076ef80000)
  object space 166912K, 0% used [0x00000006cce00000,0x00000006cce14010,0x00000006d7100000)
 Metaspace       used 20234K, capacity 21259K, committed 21296K, reserved 1067008K
  class space    used 2865K, capacity 3083K, committed 3120K, reserved 1048576K
Event: 1.838 GC heap after
Heap after GC invocations=2 (full 1):
 PSYoungGen      total 72704K, used 0K [0x000000076ef80000, 0x0000000774080000, 0x00000007c0000000)
  eden space 62464K, 0% used [0x000000076ef80000,0x000000076ef80000,0x0000000772c80000)
  from space 10240K, 0% used [0x0000000772c80000,0x0000000772c80000,0x0000000773680000)
  to   space 10240K, 0% used [0x0000000773680000,0x0000000773680000,0x0000000774080000)
 ParOldGen       total 118784K, used 8684K [0x00000006cce00000, 0x00000006d4200000, 0x000000076ef80000)
  object space 118784K, 7% used [0x00000006cce00000,0x00000006cd67b028,0x00000006d4200000)
 Metaspace       used 20234K, capacity 21259K, committed 21296K, reserved 1067008K
  class space    used 2865K, capacity 3083K, committed 3120K, reserved 1048576K
}
Event: 3.316 GC heap before
{Heap before GC invocations=3 (full 1):
 PSYoungGen      total 72704K, used 62464K [0x000000076ef80000, 0x0000000774080000, 0x00000007c0000000)
  eden space 62464K, 100% used [0x000000076ef80000,0x0000000772c80000,0x0000000772c80000)
  from space 10240K, 0% used [0x0000000772c80000,0x0000000772c80000,0x0000000773680000)
  to   space 10240K, 0% used [0x0000000773680000,0x0000000773680000,0x0000000774080000)
 ParOldGen       total 118784K, used 8684K [0x00000006cce00000, 0x00000006d4200000, 0x000000076ef80000)
  object space 118784K, 7% used [0x00000006cce00000,0x00000006cd67b028,0x00000006d4200000)
 Metaspace       used 29310K, capacity 31745K, committed 32048K, reserved 1077248K
  class space    used 4360K, capacity 4803K, committed 4912K, reserved 1048576K
Event: 3.329 GC heap after
Heap after GC invocations=3 (full 1):
 PSYoungGen      total 72704K, used 10227K [0x000000076ef80000, 0x0000000775200000, 0x00000007c0000000)
  eden space 62464K, 0% used [0x000000076ef80000,0x000000076ef80000,0x0000000772c80000)
  from space 10240K, 99% used [0x0000000773680000,0x000000077407cc98,0x0000000774080000)
  to   space 10240K, 0% used [0x0000000772c80000,0x0000000772c80000,0x0000000773680000)
 ParOldGen       total 118784K, used 10622K [0x00000006cce00000, 0x00000006d4200000, 0x000000076ef80000)
  object space 118784K, 8% used [0x00000006cce00000,0x00000006cd85f870,0x00000006d4200000)
 Metaspace       used 29310K, capacity 31745K, committed 32048K, reserved 1077248K
  class space    used 4360K, capacity 4803K, committed 4912K, reserved 1048576K
}

