# JRE version: Java(TM) SE Runtime Environment (8.0_131-b11) (build 1.8.0_131-b11)
# Java VM: Java HotSpot(TM) 64-Bit Server VM (25.131-b11 mixed mode windows-amd64 compressed oops)
Heap:
 PSYoungGen      total 48128K, used 9599K [0x00000000d5b80000, 0x00000000d9100000, 0x0000000100000000)
  eden space 43008K, 10% used [0x00000000d5b80000,0x00000000d5fe5d50,0x00000000d8580000)
  from space 5120K, 99% used [0x00000000d8c00000,0x00000000d90fa1a8,0x00000000d9100000)
  to   space 5120K, 0% used [0x00000000d8700000,0x00000000d8700000,0x00000000d8c00000)
 ParOldGen       total 64512K, used 13034K [0x0000000081200000, 0x0000000085100000, 0x00000000d5b80000)
  object space 64512K, 20% used [0x0000000081200000,0x0000000081ebaa38,0x0000000085100000)
 Metaspace       used 27992K, capacity 30589K, committed 30848K, reserved 1075200K
  class space    used 4191K, capacity 4664K, committed 4736K, reserved 1048576K
GC Heap History (10 events):
Event: 1.242 GC heap before
{Heap before GC invocations=1 (full 0):
 PSYoungGen      total 38400K, used 33280K [0x00000000d5b80000, 0x00000000d8600000, 0x0000000100000000)
  eden space 33280K, 100% used [0x00000000d5b80000,0x00000000d7c00000,0x00000000d7c00000)
  from space 5120K, 0% used [0x00000000d8100000,0x00000000d8100000,0x00000000d8600000)
  to   space 5120K, 0% used [0x00000000d7c00000,0x00000000d7c00000,0x00000000d8100000)
 ParOldGen       total 87552K, used 0K [0x0000000081200000, 0x0000000086780000, 0x00000000d5b80000)
  object space 87552K, 0% used [0x0000000081200000,0x0000000081200000,0x0000000086780000)
 Metaspace       used 15701K, capacity 16136K, committed 16256K, reserved 1062912K
  class space    used 2023K, capacity 2159K, committed 2176K, reserved 1048576K
Event: 1.250 GC heap after
Heap after GC invocations=1 (full 0):
 PSYoungGen      total 38400K, used 5089K [0x00000000d5b80000, 0x00000000d8600000, 0x0000000100000000)
  eden space 33280K, 0% used [0x00000000d5b80000,0x00000000d5b80000,0x00000000d7c00000)
  from space 5120K, 99% used [0x00000000d7c00000,0x00000000d80f8528,0x00000000d8100000)
  to   space 5120K, 0% used [0x00000000d8100000,0x00000000d8100000,0x00000000d8600000)
 ParOldGen       total 87552K, used 1336K [0x0000000081200000, 0x0000000086780000, 0x00000000d5b80000)
  object space 87552K, 1% used [0x0000000081200000,0x000000008134e3f0,0x0000000086780000)
 Metaspace       used 15701K, capacity 16136K, committed 16256K, reserved 1062912K
  class space    used 2023K, capacity 2159K, committed 2176K, reserved 1048576K
}
Event: 1.795 GC heap before
{Heap before GC invocations=2 (full 0):
 PSYoungGen      total 38400K, used 21105K [0x00000000d5b80000, 0x00000000d8600000, 0x0000000100000000)
  eden space 33280K, 48% used [0x00000000d5b80000,0x00000000d6b23f50,0x00000000d7c00000)
  from space 5120K, 99% used [0x00000000d7c00000,0x00000000d80f8528,0x00000000d8100000)
  to   space 5120K, 0% used [0x00000000d8100000,0x00000000d8100000,0x00000000d8600000)
 ParOldGen       total 87552K, used 1336K [0x0000000081200000, 0x0000000086780000, 0x00000000d5b80000)
  object space 87552K, 1% used [0x0000000081200000,0x000000008134e3f0,0x0000000086780000)
 Metaspace       used 20283K, capacity 21275K, committed 21296K, reserved 1067008K
  class space    used 2860K, capacity 3072K, committed 3072K, reserved 1048576K
Event: 1.803 GC heap after
Heap after GC invocations=2 (full 0):
 PSYoungGen      total 38400K, used 5100K [0x00000000d5b80000, 0x00000000d8600000, 0x0000000100000000)
  eden space 33280K, 0% used [0x00000000d5b80000,0x00000000d5b80000,0x00000000d7c00000)
  from space 5120K, 99% used [0x00000000d8100000,0x00000000d85fb0e8,0x00000000d8600000)
  to   space 5120K, 0% used [0x00000000d7c00000,0x00000000d7c00000,0x00000000d8100000)
 ParOldGen       total 87552K, used 3243K [0x0000000081200000, 0x0000000086780000, 0x00000000d5b80000)
  object space 87552K, 3% used [0x0000000081200000,0x000000008152ad10,0x0000000086780000)
 Metaspace       used 20283K, capacity 21275K, committed 21296K, reserved 1067008K
  class space    used 2860K, capacity 3072K, committed 3072K, reserved 1048576K
}
Event: 1.803 GC heap before
{Heap before GC invocations=3 (full 1):
 PSYoungGen      total 38400K, used 5100K [0x00000000d5b80000, 0x00000000d8600000, 0x0000000100000000)
  eden space 33280K, 0% used [0x00000000d5b80000,0x00000000d5b80000,0x00000000d7c00000)
  from space 5120K, 99% used [0x00000000d8100000,0x00000000d85fb0e8,0x00000000d8600000)
  to   space 5120K, 0% used [0x00000000d7c00000,0x00000000d7c00000,0x00000000d8100000)
 ParOldGen       total 87552K, used 3243K [0x0000000081200000, 0x0000000086780000, 0x00000000d5b80000)
  object space 87552K, 3% used [0x0000000081200000,0x000000008152ad10,0x0000000086780000)
 Metaspace       used 20283K, capacity 21275K, committed 21296K, reserved 1067008K
  class space    used 2860K, capacity 3072K, committed 3072K, reserved 1048576K
Event: 1.836 GC heap after
Heap after GC invocations=3 (full 1):
 PSYoungGen      total 38400K, used 0K [0x00000000d5b80000, 0x00000000d8600000, 0x0000000100000000)
  eden space 33280K, 0% used [0x00000000d5b80000,0x00000000d5b80000,0x00000000d7c00000)
  from space 5120K, 0% used [0x00000000d8100000,0x00000000d8100000,0x00000000d8600000)
  to   space 5120K, 0% used [0x00000000d7c00000,0x00000000d7c00000,0x00000000d8100000)
 ParOldGen       total 64512K, used 6955K [0x0000000081200000, 0x0000000085100000, 0x00000000d5b80000)
  object space 64512K, 10% used [0x0000000081200000,0x00000000818caf30,0x0000000085100000)
 Metaspace       used 20283K, capacity 21275K, committed 21296K, reserved 1067008K
  class space    used 2860K, capacity 3072K, committed 3072K, reserved 1048576K
}
Event: 3.051 GC heap before
{Heap before GC invocations=4 (full 1):
 PSYoungGen      total 38400K, used 33274K [0x00000000d5b80000, 0x00000000d8600000, 0x0000000100000000)
  eden space 33280K, 99% used [0x00000000d5b80000,0x00000000d7bfead8,0x00000000d7c00000)
  from space 5120K, 0% used [0x00000000d8100000,0x00000000d8100000,0x00000000d8600000)
  to   space 5120K, 0% used [0x00000000d7c00000,0x00000000d7c00000,0x00000000d8100000)
 ParOldGen       total 64512K, used 6955K [0x0000000081200000, 0x0000000085100000, 0x00000000d5b80000)
  object space 64512K, 10% used [0x0000000081200000,0x00000000818caf30,0x0000000085100000)
 Metaspace       used 25254K, capacity 27535K, committed 27648K, reserved 1073152K
  class space    used 3851K, capacity 4297K, committed 4352K, reserved 1048576K
Event: 3.060 GC heap after
Heap after GC invocations=4 (full 1):
 PSYoungGen      total 38400K, used 5108K [0x00000000d5b80000, 0x00000000d9100000, 0x0000000100000000)
  eden space 33280K, 0% used [0x00000000d5b80000,0x00000000d5b80000,0x00000000d7c00000)
  from space 5120K, 99% used [0x00000000d7c00000,0x00000000d80fd198,0x00000000d8100000)
  to   space 5120K, 0% used [0x00000000d8c00000,0x00000000d8c00000,0x00000000d9100000)
 ParOldGen       total 64512K, used 9679K [0x0000000081200000, 0x0000000085100000, 0x00000000d5b80000)
  object space 64512K, 15% used [0x0000000081200000,0x0000000081b73ea8,0x0000000085100000)
 Metaspace       used 25254K, capacity 27535K, committed 27648K, reserved 1073152K
  class space    used 3851K, capacity 4297K, committed 4352K, reserved 1048576K
}
Event: 11.274 GC heap before
{Heap before GC invocations=5 (full 1):
 PSYoungGen      total 38400K, used 38388K [0x00000000d5b80000, 0x00000000d9100000, 0x0000000100000000)
  eden space 33280K, 100% used [0x00000000d5b80000,0x00000000d7c00000,0x00000000d7c00000)
  from space 5120K, 99% used [0x00000000d7c00000,0x00000000d80fd198,0x00000000d8100000)
  to   space 5120K, 0% used [0x00000000d8c00000,0x00000000d8c00000,0x00000000d9100000)
 ParOldGen       total 64512K, used 9679K [0x0000000081200000, 0x0000000085100000, 0x00000000d5b80000)
  object space 64512K, 15% used [0x0000000081200000,0x0000000081b73ea8,0x0000000085100000)
 Metaspace       used 27978K, capacity 30589K, committed 30848K, reserved 1075200K
  class space    used 4191K, capacity 4664K, committed 4736K, reserved 1048576K
Event: 11.288 GC heap after
Heap after GC invocations=5 (full 1):
 PSYoungGen      total 48128K, used 5096K [0x00000000d5b80000, 0x00000000d9100000, 0x0000000100000000)
  eden space 43008K, 0% used [0x00000000d5b80000,0x00000000d5b80000,0x00000000d8580000)
  from space 5120K, 99% used [0x00000000d8c00000,0x00000000d90fa1a8,0x00000000d9100000)
  to   space 5120K, 0% used [0x00000000d8700000,0x00000000d8700000,0x00000000d8c00000)
 ParOldGen       total 64512K, used 13034K [0x0000000081200000, 0x0000000085100000, 0x00000000d5b80000)
  object space 64512K, 20% used [0x0000000081200000,0x0000000081ebaa38,0x0000000085100000)
 Metaspace       used 27978K, capacity 30589K, committed 30848K, reserved 1075200K
  class space    used 4191K, capacity 4664K, committed 4736K, reserved 1048576K
}

