# JRE version: Java(TM) SE Runtime Environment (8.0_131-b11) (build 1.8.0_131-b11)
# Java VM: Java HotSpot(TM) Client VM (25.131-b11 mixed mode windows-x86 )
Heap:
 def new generation   total 9088K, used 7035K [0x04c00000, 0x055d0000, 0x0a150000)
  eden space 8128K,  80% used [0x04c00000, 0x05264ac0, 0x053f0000)
  from space 960K,  50% used [0x053f0000, 0x0546a230, 0x054e0000)
  to   space 960K,   0% used [0x054e0000, 0x054e0000, 0x055d0000)
 tenured generation   total 19964K, used 13997K [0x0a150000, 0x0b4cf000, 0x14c00000)
   the space 19964K,  70% used [0x0a150000, 0x0aefb6e8, 0x0aefb800, 0x0b4cf000)
 Metaspace       used 14970K, capacity 16469K, committed 16512K, reserved 16768K
GC Heap History (10 events):
Event: 12.922 GC heap before
{Heap before GC invocations=21 (full 2):
 def new generation   total 9088K, used 8654K [0x04c00000, 0x055d0000, 0x0a150000)
  eden space 8128K, 100% used [0x04c00000, 0x053f0000, 0x053f0000)
  from space 960K,  54% used [0x054e0000, 0x055638a8, 0x055d0000)
  to   space 960K,   0% used [0x053f0000, 0x053f0000, 0x054e0000)
 tenured generation   total 19964K, used 12866K [0x0a150000, 0x0b4cf000, 0x14c00000)
   the space 19964K,  64% used [0x0a150000, 0x0ade09b8, 0x0ade0a00, 0x0b4cf000)
 Metaspace       used 14962K, capacity 16459K, committed 16512K, reserved 16768K
Event: 12.930 GC heap after
Heap after GC invocations=22 (full 2):
 def new generation   total 9088K, used 513K [0x04c00000, 0x055d0000, 0x0a150000)
  eden space 8128K,   0% used [0x04c00000, 0x04c00000, 0x053f0000)
  from space 960K,  53% used [0x053f0000, 0x054705b8, 0x054e0000)
  to   space 960K,   0% used [0x054e0000, 0x054e0000, 0x055d0000)
 tenured generation   total 19964K, used 13084K [0x0a150000, 0x0b4cf000, 0x14c00000)
   the space 19964K,  65% used [0x0a150000, 0x0ae17388, 0x0ae17400, 0x0b4cf000)
 Metaspace       used 14962K, capacity 16459K, committed 16512K, reserved 16768K
}
Event: 13.348 GC heap before
{Heap before GC invocations=22 (full 2):
 def new generation   total 9088K, used 8641K [0x04c00000, 0x055d0000, 0x0a150000)
  eden space 8128K, 100% used [0x04c00000, 0x053f0000, 0x053f0000)
  from space 960K,  53% used [0x053f0000, 0x054705b8, 0x054e0000)
  to   space 960K,   0% used [0x054e0000, 0x054e0000, 0x055d0000)
 tenured generation   total 19964K, used 13084K [0x0a150000, 0x0b4cf000, 0x14c00000)
   the space 19964K,  65% used [0x0a150000, 0x0ae17388, 0x0ae17400, 0x0b4cf000)
 Metaspace       used 14962K, capacity 16459K, committed 16512K, reserved 16768K
Event: 13.356 GC heap after
Heap after GC invocations=23 (full 2):
 def new generation   total 9088K, used 492K [0x04c00000, 0x055d0000, 0x0a150000)
  eden space 8128K,   0% used [0x04c00000, 0x04c00000, 0x053f0000)
  from space 960K,  51% used [0x054e0000, 0x0555b220, 0x055d0000)
  to   space 960K,   0% used [0x053f0000, 0x053f0000, 0x054e0000)
 tenured generation   total 19964K, used 13323K [0x0a150000, 0x0b4cf000, 0x14c00000)
   the space 19964K,  66% used [0x0a150000, 0x0ae52d38, 0x0ae52e00, 0x0b4cf000)
 Metaspace       used 14962K, capacity 16459K, committed 16512K, reserved 16768K
}
Event: 13.812 GC heap before
{Heap before GC invocations=23 (full 2):
 def new generation   total 9088K, used 8620K [0x04c00000, 0x055d0000, 0x0a150000)
  eden space 8128K, 100% used [0x04c00000, 0x053f0000, 0x053f0000)
  from space 960K,  51% used [0x054e0000, 0x0555b220, 0x055d0000)
  to   space 960K,   0% used [0x053f0000, 0x053f0000, 0x054e0000)
 tenured generation   total 19964K, used 13323K [0x0a150000, 0x0b4cf000, 0x14c00000)
   the space 19964K,  66% used [0x0a150000, 0x0ae52d38, 0x0ae52e00, 0x0b4cf000)
 Metaspace       used 14962K, capacity 16459K, committed 16512K, reserved 16768K
Event: 13.820 GC heap after
Heap after GC invocations=24 (full 2):
 def new generation   total 9088K, used 553K [0x04c00000, 0x055d0000, 0x0a150000)
  eden space 8128K,   0% used [0x04c00000, 0x04c00000, 0x053f0000)
  from space 960K,  57% used [0x053f0000, 0x0547a488, 0x054e0000)
  to   space 960K,   0% used [0x054e0000, 0x054e0000, 0x055d0000)
 tenured generation   total 19964K, used 13539K [0x0a150000, 0x0b4cf000, 0x14c00000)
   the space 19964K,  67% used [0x0a150000, 0x0ae88fe8, 0x0ae89000, 0x0b4cf000)
 Metaspace       used 14962K, capacity 16459K, committed 16512K, reserved 16768K
}
Event: 14.240 GC heap before
{Heap before GC invocations=24 (full 2):
 def new generation   total 9088K, used 8681K [0x04c00000, 0x055d0000, 0x0a150000)
  eden space 8128K, 100% used [0x04c00000, 0x053f0000, 0x053f0000)
  from space 960K,  57% used [0x053f0000, 0x0547a488, 0x054e0000)
  to   space 960K,   0% used [0x054e0000, 0x054e0000, 0x055d0000)
 tenured generation   total 19964K, used 13539K [0x0a150000, 0x0b4cf000, 0x14c00000)
   the space 19964K,  67% used [0x0a150000, 0x0ae88fe8, 0x0ae89000, 0x0b4cf000)
 Metaspace       used 14962K, capacity 16459K, committed 16512K, reserved 16768K
Event: 14.249 GC heap after
Heap after GC invocations=25 (full 2):
 def new generation   total 9088K, used 533K [0x04c00000, 0x055d0000, 0x0a150000)
  eden space 8128K,   0% used [0x04c00000, 0x04c00000, 0x053f0000)
  from space 960K,  55% used [0x054e0000, 0x055656a0, 0x055d0000)
  to   space 960K,   0% used [0x053f0000, 0x053f0000, 0x054e0000)
 tenured generation   total 19964K, used 13776K [0x0a150000, 0x0b4cf000, 0x14c00000)
   the space 19964K,  69% used [0x0a150000, 0x0aec43b8, 0x0aec4400, 0x0b4cf000)
 Metaspace       used 14962K, capacity 16459K, committed 16512K, reserved 16768K
}
Event: 14.671 GC heap before
{Heap before GC invocations=25 (full 2):
 def new generation   total 9088K, used 8661K [0x04c00000, 0x055d0000, 0x0a150000)
  eden space 8128K, 100% used [0x04c00000, 0x053f0000, 0x053f0000)
  from space 960K,  55% used [0x054e0000, 0x055656a0, 0x055d0000)
  to   space 960K,   0% used [0x053f0000, 0x053f0000, 0x054e0000)
 tenured generation   total 19964K, used 13776K [0x0a150000, 0x0b4cf000, 0x14c00000)
   the space 19964K,  69% used [0x0a150000, 0x0aec43b8, 0x0aec4400, 0x0b4cf000)
 Metaspace       used 14962K, capacity 16459K, committed 16512K, reserved 16768K
Event: 14.679 GC heap after
Heap after GC invocations=26 (full 2):
 def new generation   total 9088K, used 488K [0x04c00000, 0x055d0000, 0x0a150000)
  eden space 8128K,   0% used [0x04c00000, 0x04c00000, 0x053f0000)
  from space 960K,  50% used [0x053f0000, 0x0546a230, 0x054e0000)
  to   space 960K,   0% used [0x054e0000, 0x054e0000, 0x055d0000)
 tenured generation   total 19964K, used 13997K [0x0a150000, 0x0b4cf000, 0x14c00000)
   the space 19964K,  70% used [0x0a150000, 0x0aefb6e8, 0x0aefb800, 0x0b4cf000)
 Metaspace       used 14962K, capacity 16459K, committed 16512K, reserved 16768K
}

