# JRE version: Java(TM) SE Runtime Environment (8.0_131-b11) (build 1.8.0_131-b11)
# Java VM: Java HotSpot(TM) 64-Bit Server VM (25.131-b11 mixed mode windows-amd64 compressed oops)
Heap:
 PSYoungGen      total 38400K, used 34055K [0x00000000d5b80000, 0x00000000d9180000, 0x0000000100000000)
  eden space 33280K, 86% used [0x00000000d5b80000,0x00000000d77c2f40,0x00000000d7c00000)
  from space 5120K, 99% used [0x00000000d7c00000,0x00000000d80fefa8,0x00000000d8100000)
  to   space 5120K, 0% used [0x00000000d8c80000,0x00000000d8c80000,0x00000000d9180000)
 ParOldGen       total 63488K, used 10289K [0x0000000081200000, 0x0000000085000000, 0x00000000d5b80000)
  object space 63488K, 16% used [0x0000000081200000,0x0000000081c0c4f0,0x0000000085000000)
 Metaspace       used 28018K, capacity 30653K, committed 30848K, reserved 1075200K
  class space    used 4211K, capacity 4706K, committed 4736K, reserved 1048576K
GC Heap History (8 events):
Event: 1.188 GC heap before
{Heap before GC invocations=1 (full 0):
 PSYoungGen      total 38400K, used 33280K [0x00000000d5b80000, 0x00000000d8600000, 0x0000000100000000)
  eden space 33280K, 100% used [0x00000000d5b80000,0x00000000d7c00000,0x00000000d7c00000)
  from space 5120K, 0% used [0x00000000d8100000,0x00000000d8100000,0x00000000d8600000)
  to   space 5120K, 0% used [0x00000000d7c00000,0x00000000d7c00000,0x00000000d8100000)
 ParOldGen       total 87552K, used 0K [0x0000000081200000, 0x0000000086780000, 0x00000000d5b80000)
  object space 87552K, 0% used [0x0000000081200000,0x0000000081200000,0x0000000086780000)
 Metaspace       used 15699K, capacity 16140K, committed 16256K, reserved 1062912K
  class space    used 2027K, capacity 2161K, committed 2176K, reserved 1048576K
Event: 1.200 GC heap after
Heap after GC invocations=1 (full 0):
 PSYoungGen      total 38400K, used 5105K [0x00000000d5b80000, 0x00000000d8600000, 0x0000000100000000)
  eden space 33280K, 0% used [0x00000000d5b80000,0x00000000d5b80000,0x00000000d7c00000)
  from space 5120K, 99% used [0x00000000d7c00000,0x00000000d80fc518,0x00000000d8100000)
  to   space 5120K, 0% used [0x00000000d8100000,0x00000000d8100000,0x00000000d8600000)
 ParOldGen       total 87552K, used 1341K [0x0000000081200000, 0x0000000086780000, 0x00000000d5b80000)
  object space 87552K, 1% used [0x0000000081200000,0x000000008134f660,0x0000000086780000)
 Metaspace       used 15699K, capacity 16140K, committed 16256K, reserved 1062912K
  class space    used 2027K, capacity 2161K, committed 2176K, reserved 1048576K
}
Event: 1.800 GC heap before
{Heap before GC invocations=2 (full 0):
 PSYoungGen      total 38400K, used 21397K [0x00000000d5b80000, 0x00000000d8600000, 0x0000000100000000)
  eden space 33280K, 48% used [0x00000000d5b80000,0x00000000d6b69258,0x00000000d7c00000)
  from space 5120K, 99% used [0x00000000d7c00000,0x00000000d80fc518,0x00000000d8100000)
  to   space 5120K, 0% used [0x00000000d8100000,0x00000000d8100000,0x00000000d8600000)
 ParOldGen       total 87552K, used 1341K [0x0000000081200000, 0x0000000086780000, 0x00000000d5b80000)
  object space 87552K, 1% used [0x0000000081200000,0x000000008134f660,0x0000000086780000)
 Metaspace       used 20279K, capacity 21275K, committed 21296K, reserved 1067008K
  class space    used 2863K, capacity 3072K, committed 3072K, reserved 1048576K
Event: 1.808 GC heap after
Heap after GC invocations=2 (full 0):
 PSYoungGen      total 38400K, used 5116K [0x00000000d5b80000, 0x00000000da680000, 0x0000000100000000)
  eden space 33280K, 0% used [0x00000000d5b80000,0x00000000d5b80000,0x00000000d7c00000)
  from space 5120K, 99% used [0x00000000d8100000,0x00000000d85ff0d8,0x00000000d8600000)
  to   space 5120K, 0% used [0x00000000d7c00000,0x00000000d7c00000,0x00000000d8100000)
 ParOldGen       total 87552K, used 3247K [0x0000000081200000, 0x0000000086780000, 0x00000000d5b80000)
  object space 87552K, 3% used [0x0000000081200000,0x000000008152bf80,0x0000000086780000)
 Metaspace       used 20279K, capacity 21275K, committed 21296K, reserved 1067008K
  class space    used 2863K, capacity 3072K, committed 3072K, reserved 1048576K
}
Event: 1.808 GC heap before
{Heap before GC invocations=3 (full 1):
 PSYoungGen      total 38400K, used 5116K [0x00000000d5b80000, 0x00000000da680000, 0x0000000100000000)
  eden space 33280K, 0% used [0x00000000d5b80000,0x00000000d5b80000,0x00000000d7c00000)
  from space 5120K, 99% used [0x00000000d8100000,0x00000000d85ff0d8,0x00000000d8600000)
  to   space 5120K, 0% used [0x00000000d7c00000,0x00000000d7c00000,0x00000000d8100000)
 ParOldGen       total 87552K, used 3247K [0x0000000081200000, 0x0000000086780000, 0x00000000d5b80000)
  object space 87552K, 3% used [0x0000000081200000,0x000000008152bf80,0x0000000086780000)
 Metaspace       used 20279K, capacity 21275K, committed 21296K, reserved 1067008K
  class space    used 2863K, capacity 3072K, committed 3072K, reserved 1048576K
Event: 1.841 GC heap after
Heap after GC invocations=3 (full 1):
 PSYoungGen      total 38400K, used 0K [0x00000000d5b80000, 0x00000000da680000, 0x0000000100000000)
  eden space 33280K, 0% used [0x00000000d5b80000,0x00000000d5b80000,0x00000000d7c00000)
  from space 5120K, 0% used [0x00000000d8100000,0x00000000d8100000,0x00000000d8600000)
  to   space 5120K, 0% used [0x00000000d7c00000,0x00000000d7c00000,0x00000000d8100000)
 ParOldGen       total 63488K, used 6955K [0x0000000081200000, 0x0000000085000000, 0x00000000d5b80000)
  object space 63488K, 10% used [0x0000000081200000,0x00000000818cae90,0x0000000085000000)
 Metaspace       used 20279K, capacity 21275K, committed 21296K, reserved 1067008K
  class space    used 2863K, capacity 3072K, committed 3072K, reserved 1048576K
}
Event: 2.971 GC heap before
{Heap before GC invocations=4 (full 1):
 PSYoungGen      total 38400K, used 33053K [0x00000000d5b80000, 0x00000000da680000, 0x0000000100000000)
  eden space 33280K, 99% used [0x00000000d5b80000,0x00000000d7bc7570,0x00000000d7c00000)
  from space 5120K, 0% used [0x00000000d8100000,0x00000000d8100000,0x00000000d8600000)
  to   space 5120K, 0% used [0x00000000d7c00000,0x00000000d7c00000,0x00000000d8100000)
 ParOldGen       total 63488K, used 6955K [0x0000000081200000, 0x0000000085000000, 0x00000000d5b80000)
  object space 63488K, 10% used [0x0000000081200000,0x00000000818cae90,0x0000000085000000)
 Metaspace       used 25180K, capacity 27449K, committed 27648K, reserved 1073152K
  class space    used 3841K, capacity 4292K, committed 4352K, reserved 1048576K
Event: 2.980 GC heap after
Heap after GC invocations=4 (full 1):
 PSYoungGen      total 38400K, used 5115K [0x00000000d5b80000, 0x00000000d9180000, 0x0000000100000000)
  eden space 33280K, 0% used [0x00000000d5b80000,0x00000000d5b80000,0x00000000d7c00000)
  from space 5120K, 99% used [0x00000000d7c00000,0x00000000d80fefa8,0x00000000d8100000)
  to   space 5120K, 0% used [0x00000000d8c80000,0x00000000d8c80000,0x00000000d9180000)
 ParOldGen       total 63488K, used 10289K [0x0000000081200000, 0x0000000085000000, 0x00000000d5b80000)
  object space 63488K, 16% used [0x0000000081200000,0x0000000081c0c4f0,0x0000000085000000)
 Metaspace       used 25180K, capacity 27449K, committed 27648K, reserved 1073152K
  class space    used 3841K, capacity 4292K, committed 4352K, reserved 1048576K
}

