# JRE version: Java(TM) SE Runtime Environment (8.0_131-b11) (build 1.8.0_131-b11)
# Java VM: Java HotSpot(TM) 64-Bit Server VM (25.131-b11 mixed mode windows-amd64 compressed oops)
Heap:
 PSYoungGen      total 88576K, used 56649K [0x000000076ef80000, 0x0000000775680000, 0x00000007c0000000)
  eden space 73216K, 74% used [0x000000076ef80000,0x0000000772512560,0x0000000773700000)
  from space 15360K, 11% used [0x0000000774680000,0x0000000774840000,0x0000000775580000)
  to   space 15872K, 0% used [0x0000000773700000,0x0000000773700000,0x0000000774680000)
 ParOldGen       total 215040K, used 16624K [0x00000006cce00000, 0x00000006da000000, 0x000000076ef80000)
  object space 215040K, 7% used [0x00000006cce00000,0x00000006cde3c288,0x00000006da000000)
 Metaspace       used 33097K, capacity 35976K, committed 36096K, reserved 1081344K
  class space    used 4531K, capacity 5027K, committed 5120K, reserved 1048576K
GC Heap History (10 events):
Event: 121.275 GC heap before
{Heap before GC invocations=4 (full 1):
 PSYoungGen      total 72704K, used 71529K [0x000000076ef80000, 0x0000000774e00000, 0x00000007c0000000)
  eden space 62464K, 100% used [0x000000076ef80000,0x0000000772c80000,0x0000000772c80000)
  from space 10240K, 88% used [0x0000000773680000,0x0000000773f5a548,0x0000000774080000)
  to   space 10240K, 0% used [0x0000000772c80000,0x0000000772c80000,0x0000000773680000)
 ParOldGen       total 118272K, used 8654K [0x00000006cce00000, 0x00000006d4180000, 0x000000076ef80000)
  object space 118272K, 7% used [0x00000006cce00000,0x00000006cd673920,0x00000006d4180000)
 Metaspace       used 31521K, capacity 34122K, committed 34304K, reserved 1079296K
  class space    used 4483K, capacity 4994K, committed 5120K, reserved 1048576K
Event: 121.293 GC heap after
Heap after GC invocations=4 (full 1):
 PSYoungGen      total 72704K, used 10219K [0x000000076ef80000, 0x0000000774080000, 0x00000007c0000000)
  eden space 62464K, 0% used [0x000000076ef80000,0x000000076ef80000,0x0000000772c80000)
  from space 10240K, 99% used [0x0000000772c80000,0x000000077367acb8,0x0000000773680000)
  to   space 10240K, 0% used [0x0000000773680000,0x0000000773680000,0x0000000774080000)
 ParOldGen       total 118272K, used 12000K [0x00000006cce00000, 0x00000006d4180000, 0x000000076ef80000)
  object space 118272K, 10% used [0x00000006cce00000,0x00000006cd9b8258,0x00000006d4180000)
 Metaspace       used 31521K, capacity 34122K, committed 34304K, reserved 1079296K
  class space    used 4483K, capacity 4994K, committed 5120K, reserved 1048576K
}
Event: 204.418 GC heap before
{Heap before GC invocations=5 (full 1):
 PSYoungGen      total 72704K, used 68470K [0x000000076ef80000, 0x0000000774080000, 0x00000007c0000000)
  eden space 62464K, 93% used [0x000000076ef80000,0x0000000772862df8,0x0000000772c80000)
  from space 10240K, 99% used [0x0000000772c80000,0x000000077367acb8,0x0000000773680000)
  to   space 10240K, 0% used [0x0000000773680000,0x0000000773680000,0x0000000774080000)
 ParOldGen       total 118272K, used 12000K [0x00000006cce00000, 0x00000006d4180000, 0x000000076ef80000)
  object space 118272K, 10% used [0x00000006cce00000,0x00000006cd9b8258,0x00000006d4180000)
 Metaspace       used 32503K, capacity 35270K, committed 35416K, reserved 1079296K
  class space    used 4530K, capacity 5036K, committed 5120K, reserved 1048576K
Event: 204.428 GC heap after
Heap after GC invocations=5 (full 1):
 PSYoungGen      total 72704K, used 10235K [0x000000076ef80000, 0x0000000774080000, 0x00000007c0000000)
  eden space 62464K, 0% used [0x000000076ef80000,0x000000076ef80000,0x0000000772c80000)
  from space 10240K, 99% used [0x0000000773680000,0x000000077407ecc8,0x0000000774080000)
  to   space 10240K, 0% used [0x0000000772c80000,0x0000000772c80000,0x0000000773680000)
 ParOldGen       total 118272K, used 12529K [0x00000006cce00000, 0x00000006d4180000, 0x000000076ef80000)
  object space 118272K, 10% used [0x00000006cce00000,0x00000006cda3c488,0x00000006d4180000)
 Metaspace       used 32503K, capacity 35270K, committed 35416K, reserved 1079296K
  class space    used 4530K, capacity 5036K, committed 5120K, reserved 1048576K
}
Event: 204.428 GC heap before
{Heap before GC invocations=6 (full 2):
 PSYoungGen      total 72704K, used 10235K [0x000000076ef80000, 0x0000000774080000, 0x00000007c0000000)
  eden space 62464K, 0% used [0x000000076ef80000,0x000000076ef80000,0x0000000772c80000)
  from space 10240K, 99% used [0x0000000773680000,0x000000077407ecc8,0x0000000774080000)
  to   space 10240K, 0% used [0x0000000772c80000,0x0000000772c80000,0x0000000773680000)
 ParOldGen       total 118272K, used 12529K [0x00000006cce00000, 0x00000006d4180000, 0x000000076ef80000)
  object space 118272K, 10% used [0x00000006cce00000,0x00000006cda3c488,0x00000006d4180000)
 Metaspace       used 32503K, capacity 35270K, committed 35416K, reserved 1079296K
  class space    used 4530K, capacity 5036K, committed 5120K, reserved 1048576K
Event: 204.491 GC heap after
Heap after GC invocations=6 (full 2):
 PSYoungGen      total 72704K, used 0K [0x000000076ef80000, 0x0000000774080000, 0x00000007c0000000)
  eden space 62464K, 0% used [0x000000076ef80000,0x000000076ef80000,0x0000000772c80000)
  from space 10240K, 0% used [0x0000000773680000,0x0000000773680000,0x0000000774080000)
  to   space 10240K, 0% used [0x0000000772c80000,0x0000000772c80000,0x0000000773680000)
 ParOldGen       total 215040K, used 16608K [0x00000006cce00000, 0x00000006da000000, 0x000000076ef80000)
  object space 215040K, 7% used [0x00000006cce00000,0x00000006cde38288,0x00000006da000000)
 Metaspace       used 32466K, capacity 35204K, committed 35416K, reserved 1079296K
  class space    used 4517K, capacity 5014K, committed 5120K, reserved 1048576K
}
Event: 214.063 GC heap before
{Heap before GC invocations=7 (full 2):
 PSYoungGen      total 72704K, used 62464K [0x000000076ef80000, 0x0000000774080000, 0x00000007c0000000)
  eden space 62464K, 100% used [0x000000076ef80000,0x0000000772c80000,0x0000000772c80000)
  from space 10240K, 0% used [0x0000000773680000,0x0000000773680000,0x0000000774080000)
  to   space 10240K, 0% used [0x0000000772c80000,0x0000000772c80000,0x0000000773680000)
 ParOldGen       total 215040K, used 16608K [0x00000006cce00000, 0x00000006da000000, 0x000000076ef80000)
  object space 215040K, 7% used [0x00000006cce00000,0x00000006cde38288,0x00000006da000000)
 Metaspace       used 32753K, capacity 35592K, committed 35840K, reserved 1079296K
  class space    used 4531K, capacity 5027K, committed 5120K, reserved 1048576K
Event: 214.066 GC heap after
Heap after GC invocations=7 (full 2):
 PSYoungGen      total 72704K, used 1504K [0x000000076ef80000, 0x0000000775580000, 0x00000007c0000000)
  eden space 62464K, 0% used [0x000000076ef80000,0x000000076ef80000,0x0000000772c80000)
  from space 10240K, 14% used [0x0000000772c80000,0x0000000772df8000,0x0000000773680000)
  to   space 15360K, 0% used [0x0000000774680000,0x0000000774680000,0x0000000775580000)
 ParOldGen       total 215040K, used 16616K [0x00000006cce00000, 0x00000006da000000, 0x000000076ef80000)
  object space 215040K, 7% used [0x00000006cce00000,0x00000006cde3a288,0x00000006da000000)
 Metaspace       used 32753K, capacity 35592K, committed 35840K, reserved 1079296K
  class space    used 4531K, capacity 5027K, committed 5120K, reserved 1048576K
}
Event: 217.180 GC heap before
{Heap before GC invocations=8 (full 2):
 PSYoungGen      total 72704K, used 63968K [0x000000076ef80000, 0x0000000775580000, 0x00000007c0000000)
  eden space 62464K, 100% used [0x000000076ef80000,0x0000000772c80000,0x0000000772c80000)
  from space 10240K, 14% used [0x0000000772c80000,0x0000000772df8000,0x0000000773680000)
  to   space 15360K, 0% used [0x0000000774680000,0x0000000774680000,0x0000000775580000)
 ParOldGen       total 215040K, used 16616K [0x00000006cce00000, 0x00000006da000000, 0x000000076ef80000)
  object space 215040K, 7% used [0x00000006cce00000,0x00000006cde3a288,0x00000006da000000)
 Metaspace       used 32952K, capacity 35752K, committed 36096K, reserved 1081344K
  class space    used 4531K, capacity 5027K, committed 5120K, reserved 1048576K
Event: 217.186 GC heap after
Heap after GC invocations=8 (full 2):
 PSYoungGen      total 88576K, used 1792K [0x000000076ef80000, 0x0000000775680000, 0x00000007c0000000)
  eden space 73216K, 0% used [0x000000076ef80000,0x000000076ef80000,0x0000000773700000)
  from space 15360K, 11% used [0x0000000774680000,0x0000000774840000,0x0000000775580000)
  to   space 15872K, 0% used [0x0000000773700000,0x0000000773700000,0x0000000774680000)
 ParOldGen       total 215040K, used 16624K [0x00000006cce00000, 0x00000006da000000, 0x000000076ef80000)
  object space 215040K, 7% used [0x00000006cce00000,0x00000006cde3c288,0x00000006da000000)
 Metaspace       used 32952K, capacity 35752K, committed 36096K, reserved 1081344K
  class space    used 4531K, capacity 5027K, committed 5120K, reserved 1048576K
}

