# JRE version: Java(TM) SE Runtime Environment (8.0_131-b11) (build 1.8.0_131-b11)
# Java VM: Java HotSpot(TM) 64-Bit Server VM (25.131-b11 mixed mode windows-amd64 compressed oops)
Heap:
 PSYoungGen      total 93696K, used 22155K [0x00000000d5f00000, 0x00000000dc380000, 0x0000000100000000)
  eden space 88576K, 19% used [0x00000000d5f00000,0x00000000d6fa6028,0x00000000db580000)
  from space 5120K, 99% used [0x00000000dbe80000,0x00000000dc37cc98,0x00000000dc380000)
  to   space 5120K, 0% used [0x00000000db980000,0x00000000db980000,0x00000000dbe80000)
 ParOldGen       total 59904K, used 16180K [0x0000000081c00000, 0x0000000085680000, 0x00000000d5f00000)
  object space 59904K, 27% used [0x0000000081c00000,0x0000000082bcd398,0x0000000085680000)
 Metaspace       used 32615K, capacity 35413K, committed 35496K, reserved 1079296K
  class space    used 4588K, capacity 5095K, committed 5168K, reserved 1048576K
GC Heap History (10 events):
Event: 3.396 GC heap before
{Heap before GC invocations=1 (full 0):
 PSYoungGen      total 38400K, used 33280K [0x00000000d5f00000, 0x00000000d8980000, 0x0000000100000000)
  eden space 33280K, 100% used [0x00000000d5f00000,0x00000000d7f80000,0x00000000d7f80000)
  from space 5120K, 0% used [0x00000000d8480000,0x00000000d8480000,0x00000000d8980000)
  to   space 5120K, 0% used [0x00000000d7f80000,0x00000000d7f80000,0x00000000d8480000)
 ParOldGen       total 87552K, used 0K [0x0000000081c00000, 0x0000000087180000, 0x00000000d5f00000)
  object space 87552K, 0% used [0x0000000081c00000,0x0000000081c00000,0x0000000087180000)
 Metaspace       used 15761K, capacity 16226K, committed 16384K, reserved 1062912K
  class space    used 2049K, capacity 2192K, committed 2304K, reserved 1048576K
Event: 3.459 GC heap after
Heap after GC invocations=1 (full 0):
 PSYoungGen      total 38400K, used 5113K [0x00000000d5f00000, 0x00000000daa00000, 0x0000000100000000)
  eden space 33280K, 0% used [0x00000000d5f00000,0x00000000d5f00000,0x00000000d7f80000)
  from space 5120K, 99% used [0x00000000d7f80000,0x00000000d847e690,0x00000000d8480000)
  to   space 5120K, 0% used [0x00000000da500000,0x00000000da500000,0x00000000daa00000)
 ParOldGen       total 87552K, used 1442K [0x0000000081c00000, 0x0000000087180000, 0x00000000d5f00000)
  object space 87552K, 1% used [0x0000000081c00000,0x0000000081d689f8,0x0000000087180000)
 Metaspace       used 15761K, capacity 16226K, committed 16384K, reserved 1062912K
  class space    used 2049K, capacity 2192K, committed 2304K, reserved 1048576K
}
Event: 4.787 GC heap before
{Heap before GC invocations=2 (full 0):
 PSYoungGen      total 38400K, used 19944K [0x00000000d5f00000, 0x00000000daa00000, 0x0000000100000000)
  eden space 33280K, 44% used [0x00000000d5f00000,0x00000000d6d7bd68,0x00000000d7f80000)
  from space 5120K, 99% used [0x00000000d7f80000,0x00000000d847e690,0x00000000d8480000)
  to   space 5120K, 0% used [0x00000000da500000,0x00000000da500000,0x00000000daa00000)
 ParOldGen       total 87552K, used 1442K [0x0000000081c00000, 0x0000000087180000, 0x00000000d5f00000)
  object space 87552K, 1% used [0x0000000081c00000,0x0000000081d689f8,0x0000000087180000)
 Metaspace       used 20237K, capacity 21267K, committed 21296K, reserved 1067008K
  class space    used 2870K, capacity 3091K, committed 3120K, reserved 1048576K
Event: 4.802 GC heap after
Heap after GC invocations=2 (full 0):
 PSYoungGen      total 71680K, used 5114K [0x00000000d5f00000, 0x00000000daa00000, 0x0000000100000000)
  eden space 66560K, 0% used [0x00000000d5f00000,0x00000000d5f00000,0x00000000da000000)
  from space 5120K, 99% used [0x00000000da500000,0x00000000da9fe860,0x00000000daa00000)
  to   space 5120K, 0% used [0x00000000da000000,0x00000000da000000,0x00000000da500000)
 ParOldGen       total 87552K, used 3327K [0x0000000081c00000, 0x0000000087180000, 0x00000000d5f00000)
  object space 87552K, 3% used [0x0000000081c00000,0x0000000081f3fca8,0x0000000087180000)
 Metaspace       used 20237K, capacity 21267K, committed 21296K, reserved 1067008K
  class space    used 2870K, capacity 3091K, committed 3120K, reserved 1048576K
}
Event: 4.802 GC heap before
{Heap before GC invocations=3 (full 1):
 PSYoungGen      total 71680K, used 5114K [0x00000000d5f00000, 0x00000000daa00000, 0x0000000100000000)
  eden space 66560K, 0% used [0x00000000d5f00000,0x00000000d5f00000,0x00000000da000000)
  from space 5120K, 99% used [0x00000000da500000,0x00000000da9fe860,0x00000000daa00000)
  to   space 5120K, 0% used [0x00000000da000000,0x00000000da000000,0x00000000da500000)
 ParOldGen       total 87552K, used 3327K [0x0000000081c00000, 0x0000000087180000, 0x00000000d5f00000)
  object space 87552K, 3% used [0x0000000081c00000,0x0000000081f3fca8,0x0000000087180000)
 Metaspace       used 20237K, capacity 21267K, committed 21296K, reserved 1067008K
  class space    used 2870K, capacity 3091K, committed 3120K, reserved 1048576K
Event: 4.879 GC heap after
Heap after GC invocations=3 (full 1):
 PSYoungGen      total 71680K, used 0K [0x00000000d5f00000, 0x00000000daa00000, 0x0000000100000000)
  eden space 66560K, 0% used [0x00000000d5f00000,0x00000000d5f00000,0x00000000da000000)
  from space 5120K, 0% used [0x00000000da500000,0x00000000da500000,0x00000000daa00000)
  to   space 5120K, 0% used [0x00000000da000000,0x00000000da000000,0x00000000da500000)
 ParOldGen       total 59904K, used 6939K [0x0000000081c00000, 0x0000000085680000, 0x00000000d5f00000)
  object space 59904K, 11% used [0x0000000081c00000,0x00000000822c6ee8,0x0000000085680000)
 Metaspace       used 20237K, capacity 21267K, committed 21296K, reserved 1067008K
  class space    used 2870K, capacity 3091K, committed 3120K, reserved 1048576K
}
Event: 38.635 GC heap before
{Heap before GC invocations=4 (full 1):
 PSYoungGen      total 71680K, used 66560K [0x00000000d5f00000, 0x00000000daa00000, 0x0000000100000000)
  eden space 66560K, 100% used [0x00000000d5f00000,0x00000000da000000,0x00000000da000000)
  from space 5120K, 0% used [0x00000000da500000,0x00000000da500000,0x00000000daa00000)
  to   space 5120K, 0% used [0x00000000da000000,0x00000000da000000,0x00000000da500000)
 ParOldGen       total 59904K, used 6939K [0x0000000081c00000, 0x0000000085680000, 0x00000000d5f00000)
  object space 59904K, 11% used [0x0000000081c00000,0x00000000822c6ee8,0x0000000085680000)
 Metaspace       used 29341K, capacity 31797K, committed 32048K, reserved 1077248K
  class space    used 4321K, capacity 4811K, committed 4912K, reserved 1048576K
Event: 38.659 GC heap after
Heap after GC invocations=4 (full 1):
 PSYoungGen      total 71680K, used 5104K [0x00000000d5f00000, 0x00000000dc380000, 0x0000000100000000)
  eden space 66560K, 0% used [0x00000000d5f00000,0x00000000d5f00000,0x00000000da000000)
  from space 5120K, 99% used [0x00000000da000000,0x00000000da4fc030,0x00000000da500000)
  to   space 5120K, 0% used [0x00000000dbe80000,0x00000000dbe80000,0x00000000dc380000)
 ParOldGen       total 59904K, used 13703K [0x0000000081c00000, 0x0000000085680000, 0x00000000d5f00000)
  object space 59904K, 22% used [0x0000000081c00000,0x0000000082961cb0,0x0000000085680000)
 Metaspace       used 29341K, capacity 31797K, committed 32048K, reserved 1077248K
  class space    used 4321K, capacity 4811K, committed 4912K, reserved 1048576K
}
Event: 77.125 GC heap before
{Heap before GC invocations=5 (full 1):
 PSYoungGen      total 71680K, used 71664K [0x00000000d5f00000, 0x00000000dc380000, 0x0000000100000000)
  eden space 66560K, 100% used [0x00000000d5f00000,0x00000000da000000,0x00000000da000000)
  from space 5120K, 99% used [0x00000000da000000,0x00000000da4fc030,0x00000000da500000)
  to   space 5120K, 0% used [0x00000000dbe80000,0x00000000dbe80000,0x00000000dc380000)
 ParOldGen       total 59904K, used 13703K [0x0000000081c00000, 0x0000000085680000, 0x00000000d5f00000)
  object space 59904K, 22% used [0x0000000081c00000,0x0000000082961cb0,0x0000000085680000)
 Metaspace       used 32309K, capacity 35017K, committed 35120K, reserved 1079296K
  class space    used 4570K, capacity 5081K, committed 5168K, reserved 1048576K
Event: 77.146 GC heap after
Heap after GC invocations=5 (full 1):
 PSYoungGen      total 93696K, used 5107K [0x00000000d5f00000, 0x00000000dc380000, 0x0000000100000000)
  eden space 88576K, 0% used [0x00000000d5f00000,0x00000000d5f00000,0x00000000db580000)
  from space 5120K, 99% used [0x00000000dbe80000,0x00000000dc37cc98,0x00000000dc380000)
  to   space 5120K, 0% used [0x00000000db980000,0x00000000db980000,0x00000000dbe80000)
 ParOldGen       total 59904K, used 16180K [0x0000000081c00000, 0x0000000085680000, 0x00000000d5f00000)
  object space 59904K, 27% used [0x0000000081c00000,0x0000000082bcd398,0x0000000085680000)
 Metaspace       used 32309K, capacity 35017K, committed 35120K, reserved 1079296K
  class space    used 4570K, capacity 5081K, committed 5168K, reserved 1048576K
}

