# JRE version: Java(TM) SE Runtime Environment (8.0_131-b11) (build 1.8.0_131-b11)
# Java VM: Java HotSpot(TM) 64-Bit Server VM (25.131-b11 mixed mode windows-amd64 compressed oops)
Heap:
 PSYoungGen      total 47616K, used 10239K [0x00000000d5b80000, 0x00000000d9100000, 0x0000000100000000)
  eden space 42496K, 12% used [0x00000000d5b80000,0x00000000d607fd30,0x00000000d8500000)
  from space 5120K, 99% used [0x00000000d8c00000,0x00000000d90fff20,0x00000000d9100000)
  to   space 5120K, 0% used [0x00000000d8700000,0x00000000d8700000,0x00000000d8c00000)
 ParOldGen       total 64512K, used 13317K [0x0000000081200000, 0x0000000085100000, 0x00000000d5b80000)
  object space 64512K, 20% used [0x0000000081200000,0x0000000081f01778,0x0000000085100000)
 Metaspace       used 28190K, capacity 30797K, committed 30848K, reserved 1075200K
  class space    used 4213K, capacity 4708K, committed 4736K, reserved 1048576K
GC Heap History (10 events):
Event: 1.320 GC heap before
{Heap before GC invocations=1 (full 0):
 PSYoungGen      total 38400K, used 33280K [0x00000000d5b80000, 0x00000000d8600000, 0x0000000100000000)
  eden space 33280K, 100% used [0x00000000d5b80000,0x00000000d7c00000,0x00000000d7c00000)
  from space 5120K, 0% used [0x00000000d8100000,0x00000000d8100000,0x00000000d8600000)
  to   space 5120K, 0% used [0x00000000d7c00000,0x00000000d7c00000,0x00000000d8100000)
 ParOldGen       total 87552K, used 0K [0x0000000081200000, 0x0000000086780000, 0x00000000d5b80000)
  object space 87552K, 0% used [0x0000000081200000,0x0000000081200000,0x0000000086780000)
 Metaspace       used 15715K, capacity 16140K, committed 16256K, reserved 1062912K
  class space    used 2026K, capacity 2161K, committed 2176K, reserved 1048576K
Event: 1.330 GC heap after
Heap after GC invocations=1 (full 0):
 PSYoungGen      total 38400K, used 5092K [0x00000000d5b80000, 0x00000000d8600000, 0x0000000100000000)
  eden space 33280K, 0% used [0x00000000d5b80000,0x00000000d5b80000,0x00000000d7c00000)
  from space 5120K, 99% used [0x00000000d7c00000,0x00000000d80f92e0,0x00000000d8100000)
  to   space 5120K, 0% used [0x00000000d8100000,0x00000000d8100000,0x00000000d8600000)
 ParOldGen       total 87552K, used 1367K [0x0000000081200000, 0x0000000086780000, 0x00000000d5b80000)
  object space 87552K, 1% used [0x0000000081200000,0x0000000081355d98,0x0000000086780000)
 Metaspace       used 15715K, capacity 16140K, committed 16256K, reserved 1062912K
  class space    used 2026K, capacity 2161K, committed 2176K, reserved 1048576K
}
Event: 1.835 GC heap before
{Heap before GC invocations=2 (full 0):
 PSYoungGen      total 38400K, used 21153K [0x00000000d5b80000, 0x00000000d8600000, 0x0000000100000000)
  eden space 33280K, 48% used [0x00000000d5b80000,0x00000000d6b2f1e8,0x00000000d7c00000)
  from space 5120K, 99% used [0x00000000d7c00000,0x00000000d80f92e0,0x00000000d8100000)
  to   space 5120K, 0% used [0x00000000d8100000,0x00000000d8100000,0x00000000d8600000)
 ParOldGen       total 87552K, used 1367K [0x0000000081200000, 0x0000000086780000, 0x00000000d5b80000)
  object space 87552K, 1% used [0x0000000081200000,0x0000000081355d98,0x0000000086780000)
 Metaspace       used 20269K, capacity 21275K, committed 21296K, reserved 1067008K
  class space    used 2864K, capacity 3072K, committed 3072K, reserved 1048576K
Event: 1.842 GC heap after
Heap after GC invocations=2 (full 0):
 PSYoungGen      total 38400K, used 5100K [0x00000000d5b80000, 0x00000000d8600000, 0x0000000100000000)
  eden space 33280K, 0% used [0x00000000d5b80000,0x00000000d5b80000,0x00000000d7c00000)
  from space 5120K, 99% used [0x00000000d8100000,0x00000000d85fb108,0x00000000d8600000)
  to   space 5120K, 0% used [0x00000000d7c00000,0x00000000d7c00000,0x00000000d8100000)
 ParOldGen       total 87552K, used 3276K [0x0000000081200000, 0x0000000086780000, 0x00000000d5b80000)
  object space 87552K, 3% used [0x0000000081200000,0x0000000081533100,0x0000000086780000)
 Metaspace       used 20269K, capacity 21275K, committed 21296K, reserved 1067008K
  class space    used 2864K, capacity 3072K, committed 3072K, reserved 1048576K
}
Event: 1.842 GC heap before
{Heap before GC invocations=3 (full 1):
 PSYoungGen      total 38400K, used 5100K [0x00000000d5b80000, 0x00000000d8600000, 0x0000000100000000)
  eden space 33280K, 0% used [0x00000000d5b80000,0x00000000d5b80000,0x00000000d7c00000)
  from space 5120K, 99% used [0x00000000d8100000,0x00000000d85fb108,0x00000000d8600000)
  to   space 5120K, 0% used [0x00000000d7c00000,0x00000000d7c00000,0x00000000d8100000)
 ParOldGen       total 87552K, used 3276K [0x0000000081200000, 0x0000000086780000, 0x00000000d5b80000)
  object space 87552K, 3% used [0x0000000081200000,0x0000000081533100,0x0000000086780000)
 Metaspace       used 20269K, capacity 21275K, committed 21296K, reserved 1067008K
  class space    used 2864K, capacity 3072K, committed 3072K, reserved 1048576K
Event: 1.877 GC heap after
Heap after GC invocations=3 (full 1):
 PSYoungGen      total 38400K, used 0K [0x00000000d5b80000, 0x00000000d8600000, 0x0000000100000000)
  eden space 33280K, 0% used [0x00000000d5b80000,0x00000000d5b80000,0x00000000d7c00000)
  from space 5120K, 0% used [0x00000000d8100000,0x00000000d8100000,0x00000000d8600000)
  to   space 5120K, 0% used [0x00000000d7c00000,0x00000000d7c00000,0x00000000d8100000)
 ParOldGen       total 64512K, used 6955K [0x0000000081200000, 0x0000000085100000, 0x00000000d5b80000)
  object space 64512K, 10% used [0x0000000081200000,0x00000000818caea0,0x0000000085100000)
 Metaspace       used 20269K, capacity 21275K, committed 21296K, reserved 1067008K
  class space    used 2864K, capacity 3072K, committed 3072K, reserved 1048576K
}
Event: 2.942 GC heap before
{Heap before GC invocations=4 (full 1):
 PSYoungGen      total 38400K, used 33236K [0x00000000d5b80000, 0x00000000d8600000, 0x0000000100000000)
  eden space 33280K, 99% used [0x00000000d5b80000,0x00000000d7bf5388,0x00000000d7c00000)
  from space 5120K, 0% used [0x00000000d8100000,0x00000000d8100000,0x00000000d8600000)
  to   space 5120K, 0% used [0x00000000d7c00000,0x00000000d7c00000,0x00000000d8100000)
 ParOldGen       total 64512K, used 6955K [0x0000000081200000, 0x0000000085100000, 0x00000000d5b80000)
  object space 64512K, 10% used [0x0000000081200000,0x00000000818caea0,0x0000000085100000)
 Metaspace       used 25208K, capacity 27461K, committed 27648K, reserved 1073152K
  class space    used 3846K, capacity 4294K, committed 4352K, reserved 1048576K
Event: 2.952 GC heap after
Heap after GC invocations=4 (full 1):
 PSYoungGen      total 38400K, used 5111K [0x00000000d5b80000, 0x00000000d9100000, 0x0000000100000000)
  eden space 33280K, 0% used [0x00000000d5b80000,0x00000000d5b80000,0x00000000d7c00000)
  from space 5120K, 99% used [0x00000000d7c00000,0x00000000d80fdf10,0x00000000d8100000)
  to   space 5120K, 0% used [0x00000000d8c00000,0x00000000d8c00000,0x00000000d9100000)
 ParOldGen       total 64512K, used 8930K [0x0000000081200000, 0x0000000085100000, 0x00000000d5b80000)
  object space 64512K, 13% used [0x0000000081200000,0x0000000081ab8858,0x0000000085100000)
 Metaspace       used 25208K, capacity 27461K, committed 27648K, reserved 1073152K
  class space    used 3846K, capacity 4294K, committed 4352K, reserved 1048576K
}
Event: 11.096 GC heap before
{Heap before GC invocations=5 (full 1):
 PSYoungGen      total 38400K, used 38391K [0x00000000d5b80000, 0x00000000d9100000, 0x0000000100000000)
  eden space 33280K, 100% used [0x00000000d5b80000,0x00000000d7c00000,0x00000000d7c00000)
  from space 5120K, 99% used [0x00000000d7c00000,0x00000000d80fdf10,0x00000000d8100000)
  to   space 5120K, 0% used [0x00000000d8c00000,0x00000000d8c00000,0x00000000d9100000)
 ParOldGen       total 64512K, used 8930K [0x0000000081200000, 0x0000000085100000, 0x00000000d5b80000)
  object space 64512K, 13% used [0x0000000081200000,0x0000000081ab8858,0x0000000085100000)
 Metaspace       used 28111K, capacity 30733K, committed 30848K, reserved 1075200K
  class space    used 4213K, capacity 4708K, committed 4736K, reserved 1048576K
Event: 11.104 GC heap after
Heap after GC invocations=5 (full 1):
 PSYoungGen      total 47616K, used 5119K [0x00000000d5b80000, 0x00000000d9100000, 0x0000000100000000)
  eden space 42496K, 0% used [0x00000000d5b80000,0x00000000d5b80000,0x00000000d8500000)
  from space 5120K, 99% used [0x00000000d8c00000,0x00000000d90fff20,0x00000000d9100000)
  to   space 5120K, 0% used [0x00000000d8700000,0x00000000d8700000,0x00000000d8c00000)
 ParOldGen       total 64512K, used 13317K [0x0000000081200000, 0x0000000085100000, 0x00000000d5b80000)
  object space 64512K, 20% used [0x0000000081200000,0x0000000081f01778,0x0000000085100000)
 Metaspace       used 28111K, capacity 30733K, committed 30848K, reserved 1075200K
  class space    used 4213K, capacity 4708K, committed 4736K, reserved 1048576K
}

