# JRE version: Java(TM) SE Runtime Environment (8.0_131-b11) (build 1.8.0_131-b11)
# Java VM: Java HotSpot(TM) 64-Bit Server VM (25.131-b11 mixed mode windows-amd64 compressed oops)
Heap:
 PSYoungGen      total 47104K, used 7896K [0x00000000d5b80000, 0x00000000d9000000, 0x0000000100000000)
  eden space 41984K, 6% used [0x00000000d5b80000,0x00000000d5e3a060,0x00000000d8480000)
  from space 5120K, 99% used [0x00000000d8b00000,0x00000000d8ffc020,0x00000000d9000000)
  to   space 5120K, 0% used [0x00000000d8600000,0x00000000d8600000,0x00000000d8b00000)
 ParOldGen       total 66048K, used 12699K [0x0000000081200000, 0x0000000085280000, 0x00000000d5b80000)
  object space 66048K, 19% used [0x0000000081200000,0x0000000081e66d50,0x0000000085280000)
 Metaspace       used 28123K, capacity 30771K, committed 30896K, reserved 1075200K
  class space    used 4212K, capacity 4697K, committed 4784K, reserved 1048576K
GC Heap History (10 events):
Event: 1.198 GC heap before
{Heap before GC invocations=1 (full 0):
 PSYoungGen      total 38400K, used 33280K [0x00000000d5b80000, 0x00000000d8600000, 0x0000000100000000)
  eden space 33280K, 100% used [0x00000000d5b80000,0x00000000d7c00000,0x00000000d7c00000)
  from space 5120K, 0% used [0x00000000d8100000,0x00000000d8100000,0x00000000d8600000)
  to   space 5120K, 0% used [0x00000000d7c00000,0x00000000d7c00000,0x00000000d8100000)
 ParOldGen       total 87552K, used 0K [0x0000000081200000, 0x0000000086780000, 0x00000000d5b80000)
  object space 87552K, 0% used [0x0000000081200000,0x0000000081200000,0x0000000086780000)
 Metaspace       used 15697K, capacity 16144K, committed 16256K, reserved 1062912K
  class space    used 2028K, capacity 2161K, committed 2176K, reserved 1048576K
Event: 1.207 GC heap after
Heap after GC invocations=1 (full 0):
 PSYoungGen      total 38400K, used 5105K [0x00000000d5b80000, 0x00000000d8600000, 0x0000000100000000)
  eden space 33280K, 0% used [0x00000000d5b80000,0x00000000d5b80000,0x00000000d7c00000)
  from space 5120K, 99% used [0x00000000d7c00000,0x00000000d80fc518,0x00000000d8100000)
  to   space 5120K, 0% used [0x00000000d8100000,0x00000000d8100000,0x00000000d8600000)
 ParOldGen       total 87552K, used 1346K [0x0000000081200000, 0x0000000086780000, 0x00000000d5b80000)
  object space 87552K, 1% used [0x0000000081200000,0x00000000813509d8,0x0000000086780000)
 Metaspace       used 15697K, capacity 16144K, committed 16256K, reserved 1062912K
  class space    used 2028K, capacity 2161K, committed 2176K, reserved 1048576K
}
Event: 1.729 GC heap before
{Heap before GC invocations=2 (full 0):
 PSYoungGen      total 38400K, used 21136K [0x00000000d5b80000, 0x00000000d8600000, 0x0000000100000000)
  eden space 33280K, 48% used [0x00000000d5b80000,0x00000000d6b27ea0,0x00000000d7c00000)
  from space 5120K, 99% used [0x00000000d7c00000,0x00000000d80fc518,0x00000000d8100000)
  to   space 5120K, 0% used [0x00000000d8100000,0x00000000d8100000,0x00000000d8600000)
 ParOldGen       total 87552K, used 1346K [0x0000000081200000, 0x0000000086780000, 0x00000000d5b80000)
  object space 87552K, 1% used [0x0000000081200000,0x00000000813509d8,0x0000000086780000)
 Metaspace       used 20245K, capacity 21263K, committed 21296K, reserved 1067008K
  class space    used 2857K, capacity 3087K, committed 3120K, reserved 1048576K
Event: 1.735 GC heap after
Heap after GC invocations=2 (full 0):
 PSYoungGen      total 38400K, used 5100K [0x00000000d5b80000, 0x00000000d8600000, 0x0000000100000000)
  eden space 33280K, 0% used [0x00000000d5b80000,0x00000000d5b80000,0x00000000d7c00000)
  from space 5120K, 99% used [0x00000000d8100000,0x00000000d85fb0c8,0x00000000d8600000)
  to   space 5120K, 0% used [0x00000000d7c00000,0x00000000d7c00000,0x00000000d8100000)
 ParOldGen       total 87552K, used 3239K [0x0000000081200000, 0x0000000086780000, 0x00000000d5b80000)
  object space 87552K, 3% used [0x0000000081200000,0x0000000081529d40,0x0000000086780000)
 Metaspace       used 20245K, capacity 21263K, committed 21296K, reserved 1067008K
  class space    used 2857K, capacity 3087K, committed 3120K, reserved 1048576K
}
Event: 1.735 GC heap before
{Heap before GC invocations=3 (full 1):
 PSYoungGen      total 38400K, used 5100K [0x00000000d5b80000, 0x00000000d8600000, 0x0000000100000000)
  eden space 33280K, 0% used [0x00000000d5b80000,0x00000000d5b80000,0x00000000d7c00000)
  from space 5120K, 99% used [0x00000000d8100000,0x00000000d85fb0c8,0x00000000d8600000)
  to   space 5120K, 0% used [0x00000000d7c00000,0x00000000d7c00000,0x00000000d8100000)
 ParOldGen       total 87552K, used 3239K [0x0000000081200000, 0x0000000086780000, 0x00000000d5b80000)
  object space 87552K, 3% used [0x0000000081200000,0x0000000081529d40,0x0000000086780000)
 Metaspace       used 20245K, capacity 21263K, committed 21296K, reserved 1067008K
  class space    used 2857K, capacity 3087K, committed 3120K, reserved 1048576K
Event: 1.773 GC heap after
Heap after GC invocations=3 (full 1):
 PSYoungGen      total 38400K, used 0K [0x00000000d5b80000, 0x00000000d8600000, 0x0000000100000000)
  eden space 33280K, 0% used [0x00000000d5b80000,0x00000000d5b80000,0x00000000d7c00000)
  from space 5120K, 0% used [0x00000000d8100000,0x00000000d8100000,0x00000000d8600000)
  to   space 5120K, 0% used [0x00000000d7c00000,0x00000000d7c00000,0x00000000d8100000)
 ParOldGen       total 66048K, used 6937K [0x0000000081200000, 0x0000000085280000, 0x00000000d5b80000)
  object space 66048K, 10% used [0x0000000081200000,0x00000000818c6510,0x0000000085280000)
 Metaspace       used 20245K, capacity 21263K, committed 21296K, reserved 1067008K
  class space    used 2857K, capacity 3087K, committed 3120K, reserved 1048576K
}
Event: 2.933 GC heap before
{Heap before GC invocations=4 (full 1):
 PSYoungGen      total 38400K, used 31633K [0x00000000d5b80000, 0x00000000d8600000, 0x0000000100000000)
  eden space 33280K, 95% used [0x00000000d5b80000,0x00000000d7a644e0,0x00000000d7c00000)
  from space 5120K, 0% used [0x00000000d8100000,0x00000000d8100000,0x00000000d8600000)
  to   space 5120K, 0% used [0x00000000d7c00000,0x00000000d7c00000,0x00000000d8100000)
 ParOldGen       total 66048K, used 6937K [0x0000000081200000, 0x0000000085280000, 0x00000000d5b80000)
  object space 66048K, 10% used [0x0000000081200000,0x00000000818c6510,0x0000000085280000)
 Metaspace       used 25190K, capacity 27463K, committed 27696K, reserved 1073152K
  class space    used 3846K, capacity 4293K, committed 4400K, reserved 1048576K
Event: 2.943 GC heap after
Heap after GC invocations=4 (full 1):
 PSYoungGen      total 38400K, used 5115K [0x00000000d5b80000, 0x00000000d9000000, 0x0000000100000000)
  eden space 33280K, 0% used [0x00000000d5b80000,0x00000000d5b80000,0x00000000d7c00000)
  from space 5120K, 99% used [0x00000000d7c00000,0x00000000d80fef00,0x00000000d8100000)
  to   space 5120K, 0% used [0x00000000d8b00000,0x00000000d8b00000,0x00000000d9000000)
 ParOldGen       total 66048K, used 7059K [0x0000000081200000, 0x0000000085280000, 0x00000000d5b80000)
  object space 66048K, 10% used [0x0000000081200000,0x00000000818e4fe0,0x0000000085280000)
 Metaspace       used 25190K, capacity 27463K, committed 27696K, reserved 1073152K
  class space    used 3846K, capacity 4293K, committed 4400K, reserved 1048576K
}
Event: 10.085 GC heap before
{Heap before GC invocations=5 (full 1):
 PSYoungGen      total 38400K, used 38395K [0x00000000d5b80000, 0x00000000d9000000, 0x0000000100000000)
  eden space 33280K, 100% used [0x00000000d5b80000,0x00000000d7c00000,0x00000000d7c00000)
  from space 5120K, 99% used [0x00000000d7c00000,0x00000000d80fef00,0x00000000d8100000)
  to   space 5120K, 0% used [0x00000000d8b00000,0x00000000d8b00000,0x00000000d9000000)
 ParOldGen       total 66048K, used 7059K [0x0000000081200000, 0x0000000085280000, 0x00000000d5b80000)
  object space 66048K, 10% used [0x0000000081200000,0x00000000818e4fe0,0x0000000085280000)
 Metaspace       used 28103K, capacity 30707K, committed 30896K, reserved 1075200K
  class space    used 4212K, capacity 4697K, committed 4784K, reserved 1048576K
Event: 10.095 GC heap after
Heap after GC invocations=5 (full 1):
 PSYoungGen      total 47104K, used 5104K [0x00000000d5b80000, 0x00000000d9000000, 0x0000000100000000)
  eden space 41984K, 0% used [0x00000000d5b80000,0x00000000d5b80000,0x00000000d8480000)
  from space 5120K, 99% used [0x00000000d8b00000,0x00000000d8ffc020,0x00000000d9000000)
  to   space 5120K, 0% used [0x00000000d8600000,0x00000000d8600000,0x00000000d8b00000)
 ParOldGen       total 66048K, used 12699K [0x0000000081200000, 0x0000000085280000, 0x00000000d5b80000)
  object space 66048K, 19% used [0x0000000081200000,0x0000000081e66d50,0x0000000085280000)
 Metaspace       used 28103K, capacity 30707K, committed 30896K, reserved 1075200K
  class space    used 4212K, capacity 4697K, committed 4784K, reserved 1048576K
}

