# JRE version: Java(TM) SE Runtime Environment (8.0_131-b11) (build 1.8.0_131-b11)
# Java VM: Java HotSpot(TM) 64-Bit Server VM (25.131-b11 mixed mode windows-amd64 compressed oops)
Heap:
 PSYoungGen      total 47104K, used 7637K [0x00000000d5b80000, 0x00000000d9000000, 0x0000000100000000)
  eden space 41984K, 6% used [0x00000000d5b80000,0x00000000d5df9698,0x00000000d8480000)
  from space 5120K, 99% used [0x00000000d8b00000,0x00000000d8ffbf30,0x00000000d9000000)
  to   space 5120K, 0% used [0x00000000d8600000,0x00000000d8600000,0x00000000d8b00000)
 ParOldGen       total 65536K, used 12960K [0x0000000081200000, 0x0000000085200000, 0x00000000d5b80000)
  object space 65536K, 19% used [0x0000000081200000,0x0000000081ea8350,0x0000000085200000)
 Metaspace       used 28159K, capacity 30765K, committed 30848K, reserved 1075200K
  class space    used 4208K, capacity 4698K, committed 4736K, reserved 1048576K
GC Heap History (10 events):
Event: 1.154 GC heap before
{Heap before GC invocations=1 (full 0):
 PSYoungGen      total 38400K, used 33280K [0x00000000d5b80000, 0x00000000d8600000, 0x0000000100000000)
  eden space 33280K, 100% used [0x00000000d5b80000,0x00000000d7c00000,0x00000000d7c00000)
  from space 5120K, 0% used [0x00000000d8100000,0x00000000d8100000,0x00000000d8600000)
  to   space 5120K, 0% used [0x00000000d7c00000,0x00000000d7c00000,0x00000000d8100000)
 ParOldGen       total 87552K, used 0K [0x0000000081200000, 0x0000000086780000, 0x00000000d5b80000)
  object space 87552K, 0% used [0x0000000081200000,0x0000000081200000,0x0000000086780000)
 Metaspace       used 15694K, capacity 16140K, committed 16256K, reserved 1062912K
  class space    used 2027K, capacity 2161K, committed 2176K, reserved 1048576K
Event: 1.162 GC heap after
Heap after GC invocations=1 (full 0):
 PSYoungGen      total 38400K, used 5105K [0x00000000d5b80000, 0x00000000d8600000, 0x0000000100000000)
  eden space 33280K, 0% used [0x00000000d5b80000,0x00000000d5b80000,0x00000000d7c00000)
  from space 5120K, 99% used [0x00000000d7c00000,0x00000000d80fc518,0x00000000d8100000)
  to   space 5120K, 0% used [0x00000000d8100000,0x00000000d8100000,0x00000000d8600000)
 ParOldGen       total 87552K, used 1331K [0x0000000081200000, 0x0000000086780000, 0x00000000d5b80000)
  object space 87552K, 1% used [0x0000000081200000,0x000000008134cdc8,0x0000000086780000)
 Metaspace       used 15694K, capacity 16140K, committed 16256K, reserved 1062912K
  class space    used 2027K, capacity 2161K, committed 2176K, reserved 1048576K
}
Event: 1.687 GC heap before
{Heap before GC invocations=2 (full 0):
 PSYoungGen      total 38400K, used 21443K [0x00000000d5b80000, 0x00000000d8600000, 0x0000000100000000)
  eden space 33280K, 49% used [0x00000000d5b80000,0x00000000d6b749e0,0x00000000d7c00000)
  from space 5120K, 99% used [0x00000000d7c00000,0x00000000d80fc518,0x00000000d8100000)
  to   space 5120K, 0% used [0x00000000d8100000,0x00000000d8100000,0x00000000d8600000)
 ParOldGen       total 87552K, used 1331K [0x0000000081200000, 0x0000000086780000, 0x00000000d5b80000)
  object space 87552K, 1% used [0x0000000081200000,0x000000008134cdc8,0x0000000086780000)
 Metaspace       used 20286K, capacity 21275K, committed 21296K, reserved 1067008K
  class space    used 2862K, capacity 3072K, committed 3072K, reserved 1048576K
Event: 1.693 GC heap after
Heap after GC invocations=2 (full 0):
 PSYoungGen      total 38400K, used 5116K [0x00000000d5b80000, 0x00000000d8600000, 0x0000000100000000)
  eden space 33280K, 0% used [0x00000000d5b80000,0x00000000d5b80000,0x00000000d7c00000)
  from space 5120K, 99% used [0x00000000d8100000,0x00000000d85ff0d8,0x00000000d8600000)
  to   space 5120K, 0% used [0x00000000d7c00000,0x00000000d7c00000,0x00000000d8100000)
 ParOldGen       total 87552K, used 3229K [0x0000000081200000, 0x0000000086780000, 0x00000000d5b80000)
  object space 87552K, 3% used [0x0000000081200000,0x00000000815276e8,0x0000000086780000)
 Metaspace       used 20286K, capacity 21275K, committed 21296K, reserved 1067008K
  class space    used 2862K, capacity 3072K, committed 3072K, reserved 1048576K
}
Event: 1.693 GC heap before
{Heap before GC invocations=3 (full 1):
 PSYoungGen      total 38400K, used 5116K [0x00000000d5b80000, 0x00000000d8600000, 0x0000000100000000)
  eden space 33280K, 0% used [0x00000000d5b80000,0x00000000d5b80000,0x00000000d7c00000)
  from space 5120K, 99% used [0x00000000d8100000,0x00000000d85ff0d8,0x00000000d8600000)
  to   space 5120K, 0% used [0x00000000d7c00000,0x00000000d7c00000,0x00000000d8100000)
 ParOldGen       total 87552K, used 3229K [0x0000000081200000, 0x0000000086780000, 0x00000000d5b80000)
  object space 87552K, 3% used [0x0000000081200000,0x00000000815276e8,0x0000000086780000)
 Metaspace       used 20286K, capacity 21275K, committed 21296K, reserved 1067008K
  class space    used 2862K, capacity 3072K, committed 3072K, reserved 1048576K
Event: 1.727 GC heap after
Heap after GC invocations=3 (full 1):
 PSYoungGen      total 38400K, used 0K [0x00000000d5b80000, 0x00000000d8600000, 0x0000000100000000)
  eden space 33280K, 0% used [0x00000000d5b80000,0x00000000d5b80000,0x00000000d7c00000)
  from space 5120K, 0% used [0x00000000d8100000,0x00000000d8100000,0x00000000d8600000)
  to   space 5120K, 0% used [0x00000000d7c00000,0x00000000d7c00000,0x00000000d8100000)
 ParOldGen       total 65536K, used 6958K [0x0000000081200000, 0x0000000085200000, 0x00000000d5b80000)
  object space 65536K, 10% used [0x0000000081200000,0x00000000818cbbe0,0x0000000085200000)
 Metaspace       used 20286K, capacity 21275K, committed 21296K, reserved 1067008K
  class space    used 2862K, capacity 3072K, committed 3072K, reserved 1048576K
}
Event: 2.794 GC heap before
{Heap before GC invocations=4 (full 1):
 PSYoungGen      total 38400K, used 32650K [0x00000000d5b80000, 0x00000000d8600000, 0x0000000100000000)
  eden space 33280K, 98% used [0x00000000d5b80000,0x00000000d7b62988,0x00000000d7c00000)
  from space 5120K, 0% used [0x00000000d8100000,0x00000000d8100000,0x00000000d8600000)
  to   space 5120K, 0% used [0x00000000d7c00000,0x00000000d7c00000,0x00000000d8100000)
 ParOldGen       total 65536K, used 6958K [0x0000000081200000, 0x0000000085200000, 0x00000000d5b80000)
  object space 65536K, 10% used [0x0000000081200000,0x00000000818cbbe0,0x0000000085200000)
 Metaspace       used 25217K, capacity 27461K, committed 27648K, reserved 1073152K
  class space    used 3844K, capacity 4294K, committed 4352K, reserved 1048576K
Event: 2.801 GC heap after
Heap after GC invocations=4 (full 1):
 PSYoungGen      total 38400K, used 5099K [0x00000000d5b80000, 0x00000000d9000000, 0x0000000100000000)
  eden space 33280K, 0% used [0x00000000d5b80000,0x00000000d5b80000,0x00000000d7c00000)
  from space 5120K, 99% used [0x00000000d7c00000,0x00000000d80faf10,0x00000000d8100000)
  to   space 5120K, 0% used [0x00000000d8b00000,0x00000000d8b00000,0x00000000d9000000)
 ParOldGen       total 65536K, used 8616K [0x0000000081200000, 0x0000000085200000, 0x00000000d5b80000)
  object space 65536K, 13% used [0x0000000081200000,0x0000000081a6a320,0x0000000085200000)
 Metaspace       used 25217K, capacity 27461K, committed 27648K, reserved 1073152K
  class space    used 3844K, capacity 4294K, committed 4352K, reserved 1048576K
}
Event: 13.224 GC heap before
{Heap before GC invocations=5 (full 1):
 PSYoungGen      total 38400K, used 38379K [0x00000000d5b80000, 0x00000000d9000000, 0x0000000100000000)
  eden space 33280K, 100% used [0x00000000d5b80000,0x00000000d7c00000,0x00000000d7c00000)
  from space 5120K, 99% used [0x00000000d7c00000,0x00000000d80faf10,0x00000000d8100000)
  to   space 5120K, 0% used [0x00000000d8b00000,0x00000000d8b00000,0x00000000d9000000)
 ParOldGen       total 65536K, used 8616K [0x0000000081200000, 0x0000000085200000, 0x00000000d5b80000)
  object space 65536K, 13% used [0x0000000081200000,0x0000000081a6a320,0x0000000085200000)
 Metaspace       used 28145K, capacity 30765K, committed 30848K, reserved 1075200K
  class space    used 4208K, capacity 4698K, committed 4736K, reserved 1048576K
Event: 13.234 GC heap after
Heap after GC invocations=5 (full 1):
 PSYoungGen      total 47104K, used 5103K [0x00000000d5b80000, 0x00000000d9000000, 0x0000000100000000)
  eden space 41984K, 0% used [0x00000000d5b80000,0x00000000d5b80000,0x00000000d8480000)
  from space 5120K, 99% used [0x00000000d8b00000,0x00000000d8ffbf30,0x00000000d9000000)
  to   space 5120K, 0% used [0x00000000d8600000,0x00000000d8600000,0x00000000d8b00000)
 ParOldGen       total 65536K, used 12960K [0x0000000081200000, 0x0000000085200000, 0x00000000d5b80000)
  object space 65536K, 19% used [0x0000000081200000,0x0000000081ea8350,0x0000000085200000)
 Metaspace       used 28145K, capacity 30765K, committed 30848K, reserved 1075200K
  class space    used 4208K, capacity 4698K, committed 4736K, reserved 1048576K
}

