# JRE version: Java(TM) SE Runtime Environment (8.0_131-b11) (build 1.8.0_131-b11)
# Java VM: Java HotSpot(TM) 64-Bit Server VM (25.131-b11 mixed mode windows-amd64 compressed oops)
Heap:
 PSYoungGen      total 38400K, used 35460K [0x00000000d5b80000, 0x00000000d9080000, 0x0000000100000000)
  eden space 33280K, 91% used [0x00000000d5b80000,0x00000000d7925898,0x00000000d7c00000)
  from space 5120K, 99% used [0x00000000d7c00000,0x00000000d80fba28,0x00000000d8100000)
  to   space 5120K, 0% used [0x00000000d8b80000,0x00000000d8b80000,0x00000000d9080000)
 ParOldGen       total 65024K, used 7074K [0x0000000081200000, 0x0000000085180000, 0x00000000d5b80000)
  object space 65024K, 10% used [0x0000000081200000,0x00000000818e8a70,0x0000000085180000)
 Metaspace       used 27972K, capacity 30638K, committed 30848K, reserved 1075200K
  class space    used 4222K, capacity 4716K, committed 4736K, reserved 1048576K
GC Heap History (8 events):
Event: 1.179 GC heap before
{Heap before GC invocations=1 (full 0):
 PSYoungGen      total 38400K, used 33280K [0x00000000d5b80000, 0x00000000d8600000, 0x0000000100000000)
  eden space 33280K, 100% used [0x00000000d5b80000,0x00000000d7c00000,0x00000000d7c00000)
  from space 5120K, 0% used [0x00000000d8100000,0x00000000d8100000,0x00000000d8600000)
  to   space 5120K, 0% used [0x00000000d7c00000,0x00000000d7c00000,0x00000000d8100000)
 ParOldGen       total 87552K, used 0K [0x0000000081200000, 0x0000000086780000, 0x00000000d5b80000)
  object space 87552K, 0% used [0x0000000081200000,0x0000000081200000,0x0000000086780000)
 Metaspace       used 15688K, capacity 16148K, committed 16256K, reserved 1062912K
  class space    used 2026K, capacity 2161K, committed 2176K, reserved 1048576K
Event: 1.189 GC heap after
Heap after GC invocations=1 (full 0):
 PSYoungGen      total 38400K, used 5089K [0x00000000d5b80000, 0x00000000d8600000, 0x0000000100000000)
  eden space 33280K, 0% used [0x00000000d5b80000,0x00000000d5b80000,0x00000000d7c00000)
  from space 5120K, 99% used [0x00000000d7c00000,0x00000000d80f8528,0x00000000d8100000)
  to   space 5120K, 0% used [0x00000000d8100000,0x00000000d8100000,0x00000000d8600000)
 ParOldGen       total 87552K, used 1354K [0x0000000081200000, 0x0000000086780000, 0x00000000d5b80000)
  object space 87552K, 1% used [0x0000000081200000,0x0000000081352a68,0x0000000086780000)
 Metaspace       used 15688K, capacity 16148K, committed 16256K, reserved 1062912K
  class space    used 2026K, capacity 2161K, committed 2176K, reserved 1048576K
}
Event: 1.698 GC heap before
{Heap before GC invocations=2 (full 0):
 PSYoungGen      total 38400K, used 20626K [0x00000000d5b80000, 0x00000000d8600000, 0x0000000100000000)
  eden space 33280K, 46% used [0x00000000d5b80000,0x00000000d6aac3a0,0x00000000d7c00000)
  from space 5120K, 99% used [0x00000000d7c00000,0x00000000d80f8528,0x00000000d8100000)
  to   space 5120K, 0% used [0x00000000d8100000,0x00000000d8100000,0x00000000d8600000)
 ParOldGen       total 87552K, used 1354K [0x0000000081200000, 0x0000000086780000, 0x00000000d5b80000)
  object space 87552K, 1% used [0x0000000081200000,0x0000000081352a68,0x0000000086780000)
 Metaspace       used 20235K, capacity 21238K, committed 21248K, reserved 1067008K
  class space    used 2845K, capacity 3072K, committed 3072K, reserved 1048576K
Event: 1.705 GC heap after
Heap after GC invocations=2 (full 0):
 PSYoungGen      total 38400K, used 5100K [0x00000000d5b80000, 0x00000000da680000, 0x0000000100000000)
  eden space 33280K, 0% used [0x00000000d5b80000,0x00000000d5b80000,0x00000000d7c00000)
  from space 5120K, 99% used [0x00000000d8100000,0x00000000d85fb0e8,0x00000000d8600000)
  to   space 5120K, 0% used [0x00000000d7c00000,0x00000000d7c00000,0x00000000d8100000)
 ParOldGen       total 87552K, used 3189K [0x0000000081200000, 0x0000000086780000, 0x00000000d5b80000)
  object space 87552K, 3% used [0x0000000081200000,0x000000008151d7d0,0x0000000086780000)
 Metaspace       used 20235K, capacity 21238K, committed 21248K, reserved 1067008K
  class space    used 2845K, capacity 3072K, committed 3072K, reserved 1048576K
}
Event: 1.705 GC heap before
{Heap before GC invocations=3 (full 1):
 PSYoungGen      total 38400K, used 5100K [0x00000000d5b80000, 0x00000000da680000, 0x0000000100000000)
  eden space 33280K, 0% used [0x00000000d5b80000,0x00000000d5b80000,0x00000000d7c00000)
  from space 5120K, 99% used [0x00000000d8100000,0x00000000d85fb0e8,0x00000000d8600000)
  to   space 5120K, 0% used [0x00000000d7c00000,0x00000000d7c00000,0x00000000d8100000)
 ParOldGen       total 87552K, used 3189K [0x0000000081200000, 0x0000000086780000, 0x00000000d5b80000)
  object space 87552K, 3% used [0x0000000081200000,0x000000008151d7d0,0x0000000086780000)
 Metaspace       used 20235K, capacity 21238K, committed 21248K, reserved 1067008K
  class space    used 2845K, capacity 3072K, committed 3072K, reserved 1048576K
Event: 1.741 GC heap after
Heap after GC invocations=3 (full 1):
 PSYoungGen      total 38400K, used 0K [0x00000000d5b80000, 0x00000000da680000, 0x0000000100000000)
  eden space 33280K, 0% used [0x00000000d5b80000,0x00000000d5b80000,0x00000000d7c00000)
  from space 5120K, 0% used [0x00000000d8100000,0x00000000d8100000,0x00000000d8600000)
  to   space 5120K, 0% used [0x00000000d7c00000,0x00000000d7c00000,0x00000000d8100000)
 ParOldGen       total 65024K, used 6895K [0x0000000081200000, 0x0000000085180000, 0x00000000d5b80000)
  object space 65024K, 10% used [0x0000000081200000,0x00000000818bbe88,0x0000000085180000)
 Metaspace       used 20235K, capacity 21238K, committed 21248K, reserved 1067008K
  class space    used 2845K, capacity 3072K, committed 3072K, reserved 1048576K
}
Event: 2.910 GC heap before
{Heap before GC invocations=4 (full 1):
 PSYoungGen      total 38400K, used 31790K [0x00000000d5b80000, 0x00000000da680000, 0x0000000100000000)
  eden space 33280K, 95% used [0x00000000d5b80000,0x00000000d7a8b890,0x00000000d7c00000)
  from space 5120K, 0% used [0x00000000d8100000,0x00000000d8100000,0x00000000d8600000)
  to   space 5120K, 0% used [0x00000000d7c00000,0x00000000d7c00000,0x00000000d8100000)
 ParOldGen       total 65024K, used 6895K [0x0000000081200000, 0x0000000085180000, 0x00000000d5b80000)
  object space 65024K, 10% used [0x0000000081200000,0x00000000818bbe88,0x0000000085180000)
 Metaspace       used 25186K, capacity 27460K, committed 27648K, reserved 1073152K
  class space    used 3845K, capacity 4293K, committed 4352K, reserved 1048576K
Event: 2.920 GC heap after
Heap after GC invocations=4 (full 1):
 PSYoungGen      total 38400K, used 5102K [0x00000000d5b80000, 0x00000000d9080000, 0x0000000100000000)
  eden space 33280K, 0% used [0x00000000d5b80000,0x00000000d5b80000,0x00000000d7c00000)
  from space 5120K, 99% used [0x00000000d7c00000,0x00000000d80fba28,0x00000000d8100000)
  to   space 5120K, 0% used [0x00000000d8b80000,0x00000000d8b80000,0x00000000d9080000)
 ParOldGen       total 65024K, used 7074K [0x0000000081200000, 0x0000000085180000, 0x00000000d5b80000)
  object space 65024K, 10% used [0x0000000081200000,0x00000000818e8a70,0x0000000085180000)
 Metaspace       used 25186K, capacity 27460K, committed 27648K, reserved 1073152K
  class space    used 3845K, capacity 4293K, committed 4352K, reserved 1048576K
}

