# JRE version: Java(TM) SE Runtime Environment (8.0_131-b11) (build 1.8.0_131-b11)
# Java VM: Java HotSpot(TM) 64-Bit Server VM (25.131-b11 mixed mode windows-amd64 compressed oops)
Heap:
 PSYoungGen      total 38400K, used 37322K [0x00000000d5b80000, 0x00000000d9080000, 0x0000000100000000)
  eden space 33280K, 96% used [0x00000000d5b80000,0x00000000d7af8930,0x00000000d7c00000)
  from space 5120K, 99% used [0x00000000d7c00000,0x00000000d80f9f10,0x00000000d8100000)
  to   space 5120K, 0% used [0x00000000d8b80000,0x00000000d8b80000,0x00000000d9080000)
 ParOldGen       total 65536K, used 8841K [0x0000000081200000, 0x0000000085200000, 0x00000000d5b80000)
  object space 65536K, 13% used [0x0000000081200000,0x0000000081aa25b8,0x0000000085200000)
 Metaspace       used 28128K, capacity 30777K, committed 30848K, reserved 1075200K
  class space    used 4207K, capacity 4698K, committed 4736K, reserved 1048576K
GC Heap History (8 events):
Event: 1.014 GC heap before
{Heap before GC invocations=1 (full 0):
 PSYoungGen      total 38400K, used 33280K [0x00000000d5b80000, 0x00000000d8600000, 0x0000000100000000)
  eden space 33280K, 100% used [0x00000000d5b80000,0x00000000d7c00000,0x00000000d7c00000)
  from space 5120K, 0% used [0x00000000d8100000,0x00000000d8100000,0x00000000d8600000)
  to   space 5120K, 0% used [0x00000000d7c00000,0x00000000d7c00000,0x00000000d8100000)
 ParOldGen       total 87552K, used 0K [0x0000000081200000, 0x0000000086780000, 0x00000000d5b80000)
  object space 87552K, 0% used [0x0000000081200000,0x0000000081200000,0x0000000086780000)
 Metaspace       used 15688K, capacity 16140K, committed 16256K, reserved 1062912K
  class space    used 2025K, capacity 2161K, committed 2176K, reserved 1048576K
Event: 1.021 GC heap after
Heap after GC invocations=1 (full 0):
 PSYoungGen      total 38400K, used 5089K [0x00000000d5b80000, 0x00000000d8600000, 0x0000000100000000)
  eden space 33280K, 0% used [0x00000000d5b80000,0x00000000d5b80000,0x00000000d7c00000)
  from space 5120K, 99% used [0x00000000d7c00000,0x00000000d80f85b8,0x00000000d8100000)
  to   space 5120K, 0% used [0x00000000d8100000,0x00000000d8100000,0x00000000d8600000)
 ParOldGen       total 87552K, used 1355K [0x0000000081200000, 0x0000000086780000, 0x00000000d5b80000)
  object space 87552K, 1% used [0x0000000081200000,0x0000000081352d08,0x0000000086780000)
 Metaspace       used 15688K, capacity 16140K, committed 16256K, reserved 1062912K
  class space    used 2025K, capacity 2161K, committed 2176K, reserved 1048576K
}
Event: 1.477 GC heap before
{Heap before GC invocations=2 (full 0):
 PSYoungGen      total 38400K, used 21134K [0x00000000d5b80000, 0x00000000d8600000, 0x0000000100000000)
  eden space 33280K, 48% used [0x00000000d5b80000,0x00000000d6b2b408,0x00000000d7c00000)
  from space 5120K, 99% used [0x00000000d7c00000,0x00000000d80f85b8,0x00000000d8100000)
  to   space 5120K, 0% used [0x00000000d8100000,0x00000000d8100000,0x00000000d8600000)
 ParOldGen       total 87552K, used 1355K [0x0000000081200000, 0x0000000086780000, 0x00000000d5b80000)
  object space 87552K, 1% used [0x0000000081200000,0x0000000081352d08,0x0000000086780000)
 Metaspace       used 20279K, capacity 21275K, committed 21296K, reserved 1067008K
  class space    used 2861K, capacity 3072K, committed 3072K, reserved 1048576K
Event: 1.483 GC heap after
Heap after GC invocations=2 (full 0):
 PSYoungGen      total 38400K, used 5116K [0x00000000d5b80000, 0x00000000d8600000, 0x0000000100000000)
  eden space 33280K, 0% used [0x00000000d5b80000,0x00000000d5b80000,0x00000000d7c00000)
  from space 5120K, 99% used [0x00000000d8100000,0x00000000d85ff0f8,0x00000000d8600000)
  to   space 5120K, 0% used [0x00000000d7c00000,0x00000000d7c00000,0x00000000d8100000)
 ParOldGen       total 87552K, used 3263K [0x0000000081200000, 0x0000000086780000, 0x00000000d5b80000)
  object space 87552K, 3% used [0x0000000081200000,0x000000008152fff8,0x0000000086780000)
 Metaspace       used 20279K, capacity 21275K, committed 21296K, reserved 1067008K
  class space    used 2861K, capacity 3072K, committed 3072K, reserved 1048576K
}
Event: 1.483 GC heap before
{Heap before GC invocations=3 (full 1):
 PSYoungGen      total 38400K, used 5116K [0x00000000d5b80000, 0x00000000d8600000, 0x0000000100000000)
  eden space 33280K, 0% used [0x00000000d5b80000,0x00000000d5b80000,0x00000000d7c00000)
  from space 5120K, 99% used [0x00000000d8100000,0x00000000d85ff0f8,0x00000000d8600000)
  to   space 5120K, 0% used [0x00000000d7c00000,0x00000000d7c00000,0x00000000d8100000)
 ParOldGen       total 87552K, used 3263K [0x0000000081200000, 0x0000000086780000, 0x00000000d5b80000)
  object space 87552K, 3% used [0x0000000081200000,0x000000008152fff8,0x0000000086780000)
 Metaspace       used 20279K, capacity 21275K, committed 21296K, reserved 1067008K
  class space    used 2861K, capacity 3072K, committed 3072K, reserved 1048576K
Event: 1.514 GC heap after
Heap after GC invocations=3 (full 1):
 PSYoungGen      total 38400K, used 0K [0x00000000d5b80000, 0x00000000d8600000, 0x0000000100000000)
  eden space 33280K, 0% used [0x00000000d5b80000,0x00000000d5b80000,0x00000000d7c00000)
  from space 5120K, 0% used [0x00000000d8100000,0x00000000d8100000,0x00000000d8600000)
  to   space 5120K, 0% used [0x00000000d7c00000,0x00000000d7c00000,0x00000000d8100000)
 ParOldGen       total 65536K, used 6955K [0x0000000081200000, 0x0000000085200000, 0x00000000d5b80000)
  object space 65536K, 10% used [0x0000000081200000,0x00000000818caf28,0x0000000085200000)
 Metaspace       used 20279K, capacity 21275K, committed 21296K, reserved 1067008K
  class space    used 2861K, capacity 3072K, committed 3072K, reserved 1048576K
}
Event: 2.656 GC heap before
{Heap before GC invocations=4 (full 1):
 PSYoungGen      total 38400K, used 32479K [0x00000000d5b80000, 0x00000000d8600000, 0x0000000100000000)
  eden space 33280K, 97% used [0x00000000d5b80000,0x00000000d7b37dc0,0x00000000d7c00000)
  from space 5120K, 0% used [0x00000000d8100000,0x00000000d8100000,0x00000000d8600000)
  to   space 5120K, 0% used [0x00000000d7c00000,0x00000000d7c00000,0x00000000d8100000)
 ParOldGen       total 65536K, used 6955K [0x0000000081200000, 0x0000000085200000, 0x00000000d5b80000)
  object space 65536K, 10% used [0x0000000081200000,0x00000000818caf28,0x0000000085200000)
 Metaspace       used 25183K, capacity 27385K, committed 27648K, reserved 1073152K
  class space    used 3841K, capacity 4292K, committed 4352K, reserved 1048576K
Event: 2.667 GC heap after
Heap after GC invocations=4 (full 1):
 PSYoungGen      total 38400K, used 5095K [0x00000000d5b80000, 0x00000000d9080000, 0x0000000100000000)
  eden space 33280K, 0% used [0x00000000d5b80000,0x00000000d5b80000,0x00000000d7c00000)
  from space 5120K, 99% used [0x00000000d7c00000,0x00000000d80f9f10,0x00000000d8100000)
  to   space 5120K, 0% used [0x00000000d8b80000,0x00000000d8b80000,0x00000000d9080000)
 ParOldGen       total 65536K, used 8841K [0x0000000081200000, 0x0000000085200000, 0x00000000d5b80000)
  object space 65536K, 13% used [0x0000000081200000,0x0000000081aa25b8,0x0000000085200000)
 Metaspace       used 25183K, capacity 27385K, committed 27648K, reserved 1073152K
  class space    used 3841K, capacity 4292K, committed 4352K, reserved 1048576K
}

